Initializing NVTX monkey patches
Done with NVTX monkey patching
I Loading best validating checkpoint from /root/.local/share/deepspeech/checkpoints/best_dev-6801
I Loading variable from checkpoint: beta1_power
I Loading variable from checkpoint: beta2_power
I Loading variable from checkpoint: cudnn_lstm/rnn/multi_rnn_cell/cell_0/cudnn_compatible_lstm_cell/bias
I Loading variable from checkpoint: cudnn_lstm/rnn/multi_rnn_cell/cell_0/cudnn_compatible_lstm_cell/bias/Adam
I Loading variable from checkpoint: cudnn_lstm/rnn/multi_rnn_cell/cell_0/cudnn_compatible_lstm_cell/bias/Adam_1
I Loading variable from checkpoint: cudnn_lstm/rnn/multi_rnn_cell/cell_0/cudnn_compatible_lstm_cell/kernel
I Loading variable from checkpoint: cudnn_lstm/rnn/multi_rnn_cell/cell_0/cudnn_compatible_lstm_cell/kernel/Adam
I Loading variable from checkpoint: cudnn_lstm/rnn/multi_rnn_cell/cell_0/cudnn_compatible_lstm_cell/kernel/Adam_1
I Loading variable from checkpoint: global_step
I Loading variable from checkpoint: layer_1/bias
I Loading variable from checkpoint: layer_1/bias/Adam
I Loading variable from checkpoint: layer_1/bias/Adam_1
I Loading variable from checkpoint: layer_1/weights
I Loading variable from checkpoint: layer_1/weights/Adam
I Loading variable from checkpoint: layer_1/weights/Adam_1
I Loading variable from checkpoint: layer_2/bias
I Loading variable from checkpoint: layer_2/bias/Adam
I Loading variable from checkpoint: layer_2/bias/Adam_1
I Loading variable from checkpoint: layer_2/weights
I Loading variable from checkpoint: layer_2/weights/Adam
I Loading variable from checkpoint: layer_2/weights/Adam_1
I Loading variable from checkpoint: layer_3/bias
I Loading variable from checkpoint: layer_3/bias/Adam
I Loading variable from checkpoint: layer_3/bias/Adam_1
I Loading variable from checkpoint: layer_3/weights
I Loading variable from checkpoint: layer_3/weights/Adam
I Loading variable from checkpoint: layer_3/weights/Adam_1
I Loading variable from checkpoint: layer_5/bias
I Loading variable from checkpoint: layer_5/bias/Adam
I Loading variable from checkpoint: layer_5/bias/Adam_1
I Loading variable from checkpoint: layer_5/weights
I Loading variable from checkpoint: layer_5/weights/Adam
I Loading variable from checkpoint: layer_5/weights/Adam_1
I Loading variable from checkpoint: layer_6/bias
I Loading variable from checkpoint: layer_6/bias/Adam
I Loading variable from checkpoint: layer_6/bias/Adam_1
I Loading variable from checkpoint: layer_6/weights
I Loading variable from checkpoint: layer_6/weights/Adam
I Loading variable from checkpoint: layer_6/weights/Adam_1
I Loading variable from checkpoint: learning_rate
I STARTING Optimization
Epoch 0 |   Training | Elapsed Time: 0:00:00 | Steps: 0 | Loss: 0.000000
Epoch 0 |   Training | Elapsed Time: 0:00:03 | Steps: 1 | Loss: 53.581215
Epoch 0 |   Training | Elapsed Time: 0:00:04 | Steps: 2 | Loss: 62.142246
Epoch 0 |   Training | Elapsed Time: 0:00:04 | Steps: 3 | Loss: 71.121824
Epoch 0 |   Training | Elapsed Time: 0:00:05 | Steps: 4 | Loss: 78.225464
Epoch 0 |   Training | Elapsed Time: 0:00:06 | Steps: 5 | Loss: 84.995068
Epoch 0 |   Training | Elapsed Time: 0:00:06 | Steps: 6 | Loss: 92.335782
Epoch 0 |   Training | Elapsed Time: 0:00:07 | Steps: 7 | Loss: 100.995126
Epoch 0 |   Training | Elapsed Time: 0:00:08 | Steps: 8 | Loss: 109.528025
Epoch 0 |   Training | Elapsed Time: 0:00:09 | Steps: 9 | Loss: 119.611486
Epoch 0 |   Training | Elapsed Time: 0:00:10 | Steps: 10 | Loss: 131.334140
Epoch 0 |   Training | Elapsed Time: 0:00:12 | Steps: 11 | Loss: 147.221732
Epoch 0 |   Training | Elapsed Time: 0:00:12 | Steps: 11 | Loss: 147.221732
Epoch 0 | Validation | Elapsed Time: 0:00:00 | Steps: 0 | Loss: 0.000000 | Dataset: set/clips/half_dev.csv
Epoch 0 | Validation | Elapsed Time: 0:00:02 | Steps: 1 | Loss: 48.421856 | Dataset: set/clips/half_dev.csv
Epoch 0 | Validation | Elapsed Time: 0:00:02 | Steps: 2 | Loss: 56.482611 | Dataset: set/clips/half_dev.csv
Epoch 0 | Validation | Elapsed Time: 0:00:02 | Steps: 3 | Loss: 65.562412 | Dataset: set/clips/half_dev.csv
Epoch 0 | Validation | Elapsed Time: 0:00:02 | Steps: 4 | Loss: 71.856734 | Dataset: set/clips/half_dev.csv
Epoch 0 | Validation | Elapsed Time: 0:00:03 | Steps: 5 | Loss: 79.106721 | Dataset: set/clips/half_dev.csv
Epoch 0 | Validation | Elapsed Time: 0:00:03 | Steps: 6 | Loss: 87.340958 | Dataset: set/clips/half_dev.csv
Epoch 0 | Validation | Elapsed Time: 0:00:03 | Steps: 7 | Loss: 98.577299 | Dataset: set/clips/half_dev.csv
Epoch 0 | Validation | Elapsed Time: 0:00:04 | Steps: 8 | Loss: 110.557967 | Dataset: set/clips/half_dev.csv
Epoch 0 | Validation | Elapsed Time: 0:00:04 | Steps: 9 | Loss: 127.554585 | Dataset: set/clips/half_dev.csv
Epoch 0 | Validation | Elapsed Time: 0:00:04 | Steps: 10 | Loss: 150.423812 | Dataset: set/clips/half_dev.csv
Epoch 0 | Validation | Elapsed Time: 0:00:04 | Steps: 10 | Loss: 150.423812 | Dataset: set/clips/half_dev.csv
I Saved new best validating model with loss 150.423812 to: /root/.local/share/deepspeech/checkpoints/best_dev-6812
--------------------------------------------------------------------------------
I FINISHED optimization in 0:00:18.565984
