Initializing NVTX monkey patches
Done with NVTX monkey patching
I Loading best validating checkpoint from /root/.local/share/deepspeech/checkpoints/best_dev-6729
I Loading variable from checkpoint: beta1_power
I Loading variable from checkpoint: beta2_power
I Loading variable from checkpoint: cudnn_lstm/rnn/multi_rnn_cell/cell_0/cudnn_compatible_lstm_cell/bias
I Loading variable from checkpoint: cudnn_lstm/rnn/multi_rnn_cell/cell_0/cudnn_compatible_lstm_cell/bias/Adam
I Loading variable from checkpoint: cudnn_lstm/rnn/multi_rnn_cell/cell_0/cudnn_compatible_lstm_cell/bias/Adam_1
I Loading variable from checkpoint: cudnn_lstm/rnn/multi_rnn_cell/cell_0/cudnn_compatible_lstm_cell/kernel
I Loading variable from checkpoint: cudnn_lstm/rnn/multi_rnn_cell/cell_0/cudnn_compatible_lstm_cell/kernel/Adam
I Loading variable from checkpoint: cudnn_lstm/rnn/multi_rnn_cell/cell_0/cudnn_compatible_lstm_cell/kernel/Adam_1
I Loading variable from checkpoint: global_step
I Loading variable from checkpoint: layer_1/bias
I Loading variable from checkpoint: layer_1/bias/Adam
I Loading variable from checkpoint: layer_1/bias/Adam_1
I Loading variable from checkpoint: layer_1/weights
I Loading variable from checkpoint: layer_1/weights/Adam
I Loading variable from checkpoint: layer_1/weights/Adam_1
I Loading variable from checkpoint: layer_2/bias
I Loading variable from checkpoint: layer_2/bias/Adam
I Loading variable from checkpoint: layer_2/bias/Adam_1
I Loading variable from checkpoint: layer_2/weights
I Loading variable from checkpoint: layer_2/weights/Adam
I Loading variable from checkpoint: layer_2/weights/Adam_1
I Loading variable from checkpoint: layer_3/bias
I Loading variable from checkpoint: layer_3/bias/Adam
I Loading variable from checkpoint: layer_3/bias/Adam_1
I Loading variable from checkpoint: layer_3/weights
I Loading variable from checkpoint: layer_3/weights/Adam
I Loading variable from checkpoint: layer_3/weights/Adam_1
I Loading variable from checkpoint: layer_5/bias
I Loading variable from checkpoint: layer_5/bias/Adam
I Loading variable from checkpoint: layer_5/bias/Adam_1
I Loading variable from checkpoint: layer_5/weights
I Loading variable from checkpoint: layer_5/weights/Adam
I Loading variable from checkpoint: layer_5/weights/Adam_1
I Loading variable from checkpoint: layer_6/bias
I Loading variable from checkpoint: layer_6/bias/Adam
I Loading variable from checkpoint: layer_6/bias/Adam_1
I Loading variable from checkpoint: layer_6/weights
I Loading variable from checkpoint: layer_6/weights/Adam
I Loading variable from checkpoint: layer_6/weights/Adam_1
I Loading variable from checkpoint: learning_rate
I STARTING Optimization
Epoch 0 |   Training | Elapsed Time: 0:00:00 | Steps: 0 | Loss: 0.000000
Epoch 0 |   Training | Elapsed Time: 0:00:03 | Steps: 1 | Loss: 52.688343
Epoch 0 |   Training | Elapsed Time: 0:00:04 | Steps: 2 | Loss: 63.867037
Epoch 0 |   Training | Elapsed Time: 0:00:05 | Steps: 3 | Loss: 74.569220
Epoch 0 |   Training | Elapsed Time: 0:00:05 | Steps: 4 | Loss: 82.802394
Epoch 0 |   Training | Elapsed Time: 0:00:06 | Steps: 5 | Loss: 93.101064
Epoch 0 |   Training | Elapsed Time: 0:00:07 | Steps: 6 | Loss: 105.049000
Epoch 0 |   Training | Elapsed Time: 0:00:08 | Steps: 7 | Loss: 117.389779
Epoch 0 |   Training | Elapsed Time: 0:00:10 | Steps: 8 | Loss: 132.918937
Epoch 0 |   Training | Elapsed Time: 0:00:10 | Steps: 8 | Loss: 132.918937
Epoch 0 | Validation | Elapsed Time: 0:00:00 | Steps: 0 | Loss: 0.000000 | Dataset: set/clips/half_dev.csv
Epoch 0 | Validation | Elapsed Time: 0:00:02 | Steps: 1 | Loss: 51.459908 | Dataset: set/clips/half_dev.csv
Epoch 0 | Validation | Elapsed Time: 0:00:02 | Steps: 2 | Loss: 62.310638 | Dataset: set/clips/half_dev.csv
Epoch 0 | Validation | Elapsed Time: 0:00:02 | Steps: 3 | Loss: 71.111323 | Dataset: set/clips/half_dev.csv
Epoch 0 | Validation | Elapsed Time: 0:00:03 | Steps: 4 | Loss: 80.607891 | Dataset: set/clips/half_dev.csv
Epoch 0 | Validation | Elapsed Time: 0:00:03 | Steps: 5 | Loss: 91.933591 | Dataset: set/clips/half_dev.csv
Epoch 0 | Validation | Elapsed Time: 0:00:03 | Steps: 6 | Loss: 106.492905 | Dataset: set/clips/half_dev.csv
Epoch 0 | Validation | Elapsed Time: 0:00:04 | Steps: 7 | Loss: 126.208130 | Dataset: set/clips/half_dev.csv
Epoch 0 | Validation | Elapsed Time: 0:00:04 | Steps: 8 | Loss: 154.636906 | Dataset: set/clips/half_dev.csv
Epoch 0 | Validation | Elapsed Time: 0:00:04 | Steps: 8 | Loss: 154.636906 | Dataset: set/clips/half_dev.csv
I Saved new best validating model with loss 154.636906 to: /root/.local/share/deepspeech/checkpoints/best_dev-6737
--------------------------------------------------------------------------------
I FINISHED optimization in 0:00:16.111505
