Initializing NVTX monkey patches
Done with NVTX monkey patching
I Loading best validating checkpoint from /root/.local/share/deepspeech/checkpoints/best_dev-4537
I Loading variable from checkpoint: beta1_power
I Loading variable from checkpoint: beta2_power
I Loading variable from checkpoint: cudnn_lstm/rnn/multi_rnn_cell/cell_0/cudnn_compatible_lstm_cell/bias
I Loading variable from checkpoint: cudnn_lstm/rnn/multi_rnn_cell/cell_0/cudnn_compatible_lstm_cell/bias/Adam
I Loading variable from checkpoint: cudnn_lstm/rnn/multi_rnn_cell/cell_0/cudnn_compatible_lstm_cell/bias/Adam_1
I Loading variable from checkpoint: cudnn_lstm/rnn/multi_rnn_cell/cell_0/cudnn_compatible_lstm_cell/kernel
I Loading variable from checkpoint: cudnn_lstm/rnn/multi_rnn_cell/cell_0/cudnn_compatible_lstm_cell/kernel/Adam
I Loading variable from checkpoint: cudnn_lstm/rnn/multi_rnn_cell/cell_0/cudnn_compatible_lstm_cell/kernel/Adam_1
I Loading variable from checkpoint: global_step
I Loading variable from checkpoint: layer_1/bias
I Loading variable from checkpoint: layer_1/bias/Adam
I Loading variable from checkpoint: layer_1/bias/Adam_1
I Loading variable from checkpoint: layer_1/weights
I Loading variable from checkpoint: layer_1/weights/Adam
I Loading variable from checkpoint: layer_1/weights/Adam_1
I Loading variable from checkpoint: layer_2/bias
I Loading variable from checkpoint: layer_2/bias/Adam
I Loading variable from checkpoint: layer_2/bias/Adam_1
I Loading variable from checkpoint: layer_2/weights
I Loading variable from checkpoint: layer_2/weights/Adam
I Loading variable from checkpoint: layer_2/weights/Adam_1
I Loading variable from checkpoint: layer_3/bias
I Loading variable from checkpoint: layer_3/bias/Adam
I Loading variable from checkpoint: layer_3/bias/Adam_1
I Loading variable from checkpoint: layer_3/weights
I Loading variable from checkpoint: layer_3/weights/Adam
I Loading variable from checkpoint: layer_3/weights/Adam_1
I Loading variable from checkpoint: layer_5/bias
I Loading variable from checkpoint: layer_5/bias/Adam
I Loading variable from checkpoint: layer_5/bias/Adam_1
I Loading variable from checkpoint: layer_5/weights
I Loading variable from checkpoint: layer_5/weights/Adam
I Loading variable from checkpoint: layer_5/weights/Adam_1
I Loading variable from checkpoint: layer_6/bias
I Loading variable from checkpoint: layer_6/bias/Adam
I Loading variable from checkpoint: layer_6/bias/Adam_1
I Loading variable from checkpoint: layer_6/weights
I Loading variable from checkpoint: layer_6/weights/Adam
I Loading variable from checkpoint: layer_6/weights/Adam_1
I Loading variable from checkpoint: learning_rate
I STARTING Optimization
Epoch 0 |   Training | Elapsed Time: 0:00:00 | Steps: 0 | Loss: 0.000000
Epoch 0 |   Training | Elapsed Time: 0:00:03 | Steps: 1 | Loss: 42.933064
Epoch 0 |   Training | Elapsed Time: 0:00:03 | Steps: 2 | Loss: 50.661867
Epoch 0 |   Training | Elapsed Time: 0:00:03 | Steps: 3 | Loss: 50.799881
Epoch 0 |   Training | Elapsed Time: 0:00:03 | Steps: 4 | Loss: 49.766043
Epoch 0 |   Training | Elapsed Time: 0:00:04 | Steps: 5 | Loss: 48.354083
Epoch 0 |   Training | Elapsed Time: 0:00:04 | Steps: 6 | Loss: 48.543533
Epoch 0 |   Training | Elapsed Time: 0:00:04 | Steps: 7 | Loss: 47.675433
Epoch 0 |   Training | Elapsed Time: 0:00:04 | Steps: 8 | Loss: 47.027482
Epoch 0 |   Training | Elapsed Time: 0:00:04 | Steps: 9 | Loss: 46.578648
Epoch 0 |   Training | Elapsed Time: 0:00:04 | Steps: 10 | Loss: 47.892257
Epoch 0 |   Training | Elapsed Time: 0:00:04 | Steps: 11 | Loss: 47.528717
Epoch 0 |   Training | Elapsed Time: 0:00:04 | Steps: 12 | Loss: 48.631127
Epoch 0 |   Training | Elapsed Time: 0:00:05 | Steps: 13 | Loss: 48.257274
Epoch 0 |   Training | Elapsed Time: 0:00:05 | Steps: 14 | Loss: 47.301034
Epoch 0 |   Training | Elapsed Time: 0:00:05 | Steps: 15 | Loss: 47.937893
Epoch 0 |   Training | Elapsed Time: 0:00:05 | Steps: 16 | Loss: 48.528069
Epoch 0 |   Training | Elapsed Time: 0:00:05 | Steps: 17 | Loss: 48.685117
Epoch 0 |   Training | Elapsed Time: 0:00:05 | Steps: 18 | Loss: 48.770504
Epoch 0 |   Training | Elapsed Time: 0:00:05 | Steps: 19 | Loss: 49.355934
Epoch 0 |   Training | Elapsed Time: 0:00:06 | Steps: 20 | Loss: 49.122672
Epoch 0 |   Training | Elapsed Time: 0:00:06 | Steps: 21 | Loss: 49.543438
Epoch 0 |   Training | Elapsed Time: 0:00:06 | Steps: 22 | Loss: 49.449903
Epoch 0 |   Training | Elapsed Time: 0:00:06 | Steps: 23 | Loss: 49.217036
Epoch 0 |   Training | Elapsed Time: 0:00:06 | Steps: 24 | Loss: 49.621779
Epoch 0 |   Training | Elapsed Time: 0:00:06 | Steps: 25 | Loss: 49.386068
Epoch 0 |   Training | Elapsed Time: 0:00:06 | Steps: 26 | Loss: 49.591565
Epoch 0 |   Training | Elapsed Time: 0:00:07 | Steps: 27 | Loss: 49.941787
Epoch 0 |   Training | Elapsed Time: 0:00:07 | Steps: 28 | Loss: 50.557083
Epoch 0 |   Training | Elapsed Time: 0:00:07 | Steps: 29 | Loss: 50.444066
Epoch 0 |   Training | Elapsed Time: 0:00:07 | Steps: 30 | Loss: 50.239104
Epoch 0 |   Training | Elapsed Time: 0:00:07 | Steps: 31 | Loss: 50.101011
Epoch 0 |   Training | Elapsed Time: 0:00:07 | Steps: 32 | Loss: 50.456545
Epoch 0 |   Training | Elapsed Time: 0:00:07 | Steps: 33 | Loss: 50.273060
Epoch 0 |   Training | Elapsed Time: 0:00:08 | Steps: 34 | Loss: 50.267758
Epoch 0 |   Training | Elapsed Time: 0:00:08 | Steps: 35 | Loss: 50.417383
Epoch 0 |   Training | Elapsed Time: 0:00:08 | Steps: 36 | Loss: 50.033413
Epoch 0 |   Training | Elapsed Time: 0:00:08 | Steps: 37 | Loss: 49.769955
Epoch 0 |   Training | Elapsed Time: 0:00:08 | Steps: 38 | Loss: 49.980191
Epoch 0 |   Training | Elapsed Time: 0:00:08 | Steps: 39 | Loss: 49.893364
Epoch 0 |   Training | Elapsed Time: 0:00:08 | Steps: 40 | Loss: 49.522026
Epoch 0 |   Training | Elapsed Time: 0:00:09 | Steps: 41 | Loss: 49.616466
Epoch 0 |   Training | Elapsed Time: 0:00:09 | Steps: 42 | Loss: 49.571301
Epoch 0 |   Training | Elapsed Time: 0:00:09 | Steps: 43 | Loss: 49.961592
Epoch 0 |   Training | Elapsed Time: 0:00:09 | Steps: 44 | Loss: 50.001815
Epoch 0 |   Training | Elapsed Time: 0:00:09 | Steps: 45 | Loss: 50.132095
Epoch 0 |   Training | Elapsed Time: 0:00:09 | Steps: 46 | Loss: 50.209580
Epoch 0 |   Training | Elapsed Time: 0:00:10 | Steps: 47 | Loss: 50.436972
Epoch 0 |   Training | Elapsed Time: 0:00:10 | Steps: 48 | Loss: 50.915345
Epoch 0 |   Training | Elapsed Time: 0:00:10 | Steps: 49 | Loss: 50.989400
Epoch 0 |   Training | Elapsed Time: 0:00:10 | Steps: 50 | Loss: 51.165242
Epoch 0 |   Training | Elapsed Time: 0:00:10 | Steps: 51 | Loss: 51.165717
Epoch 0 |   Training | Elapsed Time: 0:00:10 | Steps: 52 | Loss: 51.311878
Epoch 0 |   Training | Elapsed Time: 0:00:10 | Steps: 53 | Loss: 51.323499
Epoch 0 |   Training | Elapsed Time: 0:00:11 | Steps: 54 | Loss: 51.711708
Epoch 0 |   Training | Elapsed Time: 0:00:11 | Steps: 55 | Loss: 51.683678
Epoch 0 |   Training | Elapsed Time: 0:00:11 | Steps: 56 | Loss: 51.491763
Epoch 0 |   Training | Elapsed Time: 0:00:11 | Steps: 57 | Loss: 51.522380
Epoch 0 |   Training | Elapsed Time: 0:00:11 | Steps: 58 | Loss: 51.332173
Epoch 0 |   Training | Elapsed Time: 0:00:11 | Steps: 59 | Loss: 51.440706
Epoch 0 |   Training | Elapsed Time: 0:00:11 | Steps: 60 | Loss: 51.512033
Epoch 0 |   Training | Elapsed Time: 0:00:12 | Steps: 61 | Loss: 51.649779
Epoch 0 |   Training | Elapsed Time: 0:00:12 | Steps: 62 | Loss: 52.002977
Epoch 0 |   Training | Elapsed Time: 0:00:12 | Steps: 63 | Loss: 51.955127
Epoch 0 |   Training | Elapsed Time: 0:00:12 | Steps: 64 | Loss: 52.122772
Epoch 0 |   Training | Elapsed Time: 0:00:12 | Steps: 65 | Loss: 52.373944
Epoch 0 |   Training | Elapsed Time: 0:00:12 | Steps: 66 | Loss: 52.540818
Epoch 0 |   Training | Elapsed Time: 0:00:13 | Steps: 67 | Loss: 52.758710
Epoch 0 |   Training | Elapsed Time: 0:00:13 | Steps: 68 | Loss: 52.984208
Epoch 0 |   Training | Elapsed Time: 0:00:13 | Steps: 69 | Loss: 53.599042
Epoch 0 |   Training | Elapsed Time: 0:00:13 | Steps: 70 | Loss: 53.820043
Epoch 0 |   Training | Elapsed Time: 0:00:13 | Steps: 71 | Loss: 53.906268
Epoch 0 |   Training | Elapsed Time: 0:00:13 | Steps: 72 | Loss: 54.153841
Epoch 0 |   Training | Elapsed Time: 0:00:14 | Steps: 73 | Loss: 54.097898
Epoch 0 |   Training | Elapsed Time: 0:00:14 | Steps: 74 | Loss: 54.287913
Epoch 0 |   Training | Elapsed Time: 0:00:14 | Steps: 75 | Loss: 54.589490
Epoch 0 |   Training | Elapsed Time: 0:00:14 | Steps: 76 | Loss: 54.697074
Epoch 0 |   Training | Elapsed Time: 0:00:14 | Steps: 77 | Loss: 55.189742
Epoch 0 |   Training | Elapsed Time: 0:00:14 | Steps: 78 | Loss: 55.354044
Epoch 0 |   Training | Elapsed Time: 0:00:14 | Steps: 79 | Loss: 55.225749
Epoch 0 |   Training | Elapsed Time: 0:00:15 | Steps: 80 | Loss: 55.246507
Epoch 0 |   Training | Elapsed Time: 0:00:15 | Steps: 81 | Loss: 55.519089
Epoch 0 |   Training | Elapsed Time: 0:00:15 | Steps: 82 | Loss: 56.499105
Epoch 0 |   Training | Elapsed Time: 0:00:15 | Steps: 83 | Loss: 56.463433
Epoch 0 |   Training | Elapsed Time: 0:00:15 | Steps: 84 | Loss: 56.354730
Epoch 0 |   Training | Elapsed Time: 0:00:15 | Steps: 85 | Loss: 56.458384
Epoch 0 |   Training | Elapsed Time: 0:00:16 | Steps: 86 | Loss: 56.538533
Epoch 0 |   Training | Elapsed Time: 0:00:16 | Steps: 87 | Loss: 56.885658
Epoch 0 |   Training | Elapsed Time: 0:00:16 | Steps: 88 | Loss: 56.945853
Epoch 0 |   Training | Elapsed Time: 0:00:16 | Steps: 89 | Loss: 57.029813
Epoch 0 |   Training | Elapsed Time: 0:00:16 | Steps: 90 | Loss: 57.246625
Epoch 0 |   Training | Elapsed Time: 0:00:16 | Steps: 91 | Loss: 57.218373
Epoch 0 |   Training | Elapsed Time: 0:00:17 | Steps: 92 | Loss: 57.598938
Epoch 0 |   Training | Elapsed Time: 0:00:17 | Steps: 93 | Loss: 57.924775
Epoch 0 |   Training | Elapsed Time: 0:00:17 | Steps: 94 | Loss: 57.924397
Epoch 0 |   Training | Elapsed Time: 0:00:17 | Steps: 95 | Loss: 57.869289
Epoch 0 |   Training | Elapsed Time: 0:00:17 | Steps: 96 | Loss: 57.896536
Epoch 0 |   Training | Elapsed Time: 0:00:17 | Steps: 97 | Loss: 57.890162
Epoch 0 |   Training | Elapsed Time: 0:00:18 | Steps: 98 | Loss: 58.267901
Epoch 0 |   Training | Elapsed Time: 0:00:18 | Steps: 99 | Loss: 58.455521
Epoch 0 |   Training | Elapsed Time: 0:00:18 | Steps: 100 | Loss: 58.511966
Epoch 0 |   Training | Elapsed Time: 0:00:18 | Steps: 101 | Loss: 59.096143
Epoch 0 |   Training | Elapsed Time: 0:00:18 | Steps: 102 | Loss: 59.090571
Epoch 0 |   Training | Elapsed Time: 0:00:18 | Steps: 103 | Loss: 59.230542
Epoch 0 |   Training | Elapsed Time: 0:00:19 | Steps: 104 | Loss: 59.724112
Epoch 0 |   Training | Elapsed Time: 0:00:19 | Steps: 105 | Loss: 59.682809
Epoch 0 |   Training | Elapsed Time: 0:00:19 | Steps: 106 | Loss: 59.659393
Epoch 0 |   Training | Elapsed Time: 0:00:19 | Steps: 107 | Loss: 59.642507
Epoch 0 |   Training | Elapsed Time: 0:00:19 | Steps: 108 | Loss: 59.743140
Epoch 0 |   Training | Elapsed Time: 0:00:19 | Steps: 109 | Loss: 60.045643
Epoch 0 |   Training | Elapsed Time: 0:00:19 | Steps: 110 | Loss: 60.432384
Epoch 0 |   Training | Elapsed Time: 0:00:20 | Steps: 111 | Loss: 60.608393
Epoch 0 |   Training | Elapsed Time: 0:00:20 | Steps: 112 | Loss: 60.542583
Epoch 0 |   Training | Elapsed Time: 0:00:20 | Steps: 113 | Loss: 61.003789
Epoch 0 |   Training | Elapsed Time: 0:00:20 | Steps: 114 | Loss: 61.455685
Epoch 0 |   Training | Elapsed Time: 0:00:20 | Steps: 115 | Loss: 61.475241
Epoch 0 |   Training | Elapsed Time: 0:00:20 | Steps: 116 | Loss: 61.369315
Epoch 0 |   Training | Elapsed Time: 0:00:21 | Steps: 117 | Loss: 61.615219
Epoch 0 |   Training | Elapsed Time: 0:00:21 | Steps: 118 | Loss: 61.662475
Epoch 0 |   Training | Elapsed Time: 0:00:21 | Steps: 119 | Loss: 61.651668
Epoch 0 |   Training | Elapsed Time: 0:00:21 | Steps: 120 | Loss: 61.839767
Epoch 0 |   Training | Elapsed Time: 0:00:21 | Steps: 121 | Loss: 61.996120
Epoch 0 |   Training | Elapsed Time: 0:00:22 | Steps: 122 | Loss: 62.276454
Epoch 0 |   Training | Elapsed Time: 0:00:22 | Steps: 123 | Loss: 62.465014
Epoch 0 |   Training | Elapsed Time: 0:00:22 | Steps: 124 | Loss: 62.569678
Epoch 0 |   Training | Elapsed Time: 0:00:22 | Steps: 125 | Loss: 62.710725
Epoch 0 |   Training | Elapsed Time: 0:00:22 | Steps: 126 | Loss: 62.928997
Epoch 0 |   Training | Elapsed Time: 0:00:22 | Steps: 127 | Loss: 62.997000
Epoch 0 |   Training | Elapsed Time: 0:00:23 | Steps: 128 | Loss: 62.949739
Epoch 0 |   Training | Elapsed Time: 0:00:23 | Steps: 129 | Loss: 63.034200
Epoch 0 |   Training | Elapsed Time: 0:00:23 | Steps: 130 | Loss: 63.197926
Epoch 0 |   Training | Elapsed Time: 0:00:23 | Steps: 131 | Loss: 63.387581
Epoch 0 |   Training | Elapsed Time: 0:00:23 | Steps: 132 | Loss: 63.686501
Epoch 0 |   Training | Elapsed Time: 0:00:23 | Steps: 133 | Loss: 63.606061
Epoch 0 |   Training | Elapsed Time: 0:00:24 | Steps: 134 | Loss: 63.837257
Epoch 0 |   Training | Elapsed Time: 0:00:24 | Steps: 135 | Loss: 63.890557
Epoch 0 |   Training | Elapsed Time: 0:00:24 | Steps: 136 | Loss: 64.236465
Epoch 0 |   Training | Elapsed Time: 0:00:24 | Steps: 137 | Loss: 64.710544
Epoch 0 |   Training | Elapsed Time: 0:00:24 | Steps: 138 | Loss: 65.297653
Epoch 0 |   Training | Elapsed Time: 0:00:24 | Steps: 139 | Loss: 65.754403
Epoch 0 |   Training | Elapsed Time: 0:00:25 | Steps: 140 | Loss: 66.167909
Epoch 0 |   Training | Elapsed Time: 0:00:25 | Steps: 141 | Loss: 66.237711
Epoch 0 |   Training | Elapsed Time: 0:00:25 | Steps: 142 | Loss: 66.226778
Epoch 0 |   Training | Elapsed Time: 0:00:25 | Steps: 143 | Loss: 66.349289
Epoch 0 |   Training | Elapsed Time: 0:00:25 | Steps: 144 | Loss: 66.616129
Epoch 0 |   Training | Elapsed Time: 0:00:25 | Steps: 145 | Loss: 66.664587
Epoch 0 |   Training | Elapsed Time: 0:00:26 | Steps: 146 | Loss: 66.931719
Epoch 0 |   Training | Elapsed Time: 0:00:26 | Steps: 147 | Loss: 67.162539
Epoch 0 |   Training | Elapsed Time: 0:00:26 | Steps: 148 | Loss: 67.371047
Epoch 0 |   Training | Elapsed Time: 0:00:26 | Steps: 149 | Loss: 67.394368
Epoch 0 |   Training | Elapsed Time: 0:00:26 | Steps: 150 | Loss: 67.549857
Epoch 0 |   Training | Elapsed Time: 0:00:27 | Steps: 151 | Loss: 67.736884
Epoch 0 |   Training | Elapsed Time: 0:00:27 | Steps: 152 | Loss: 67.756724
Epoch 0 |   Training | Elapsed Time: 0:00:27 | Steps: 153 | Loss: 67.975553
Epoch 0 |   Training | Elapsed Time: 0:00:27 | Steps: 154 | Loss: 67.957577
Epoch 0 |   Training | Elapsed Time: 0:00:27 | Steps: 155 | Loss: 68.011484
Epoch 0 |   Training | Elapsed Time: 0:00:27 | Steps: 156 | Loss: 68.090443
Epoch 0 |   Training | Elapsed Time: 0:00:28 | Steps: 157 | Loss: 68.152946
Epoch 0 |   Training | Elapsed Time: 0:00:28 | Steps: 158 | Loss: 68.343072
Epoch 0 |   Training | Elapsed Time: 0:00:28 | Steps: 159 | Loss: 68.491317
Epoch 0 |   Training | Elapsed Time: 0:00:28 | Steps: 160 | Loss: 68.703414
Epoch 0 |   Training | Elapsed Time: 0:00:28 | Steps: 161 | Loss: 68.923616
Epoch 0 |   Training | Elapsed Time: 0:00:29 | Steps: 162 | Loss: 68.946923
Epoch 0 |   Training | Elapsed Time: 0:00:29 | Steps: 163 | Loss: 69.432011
Epoch 0 |   Training | Elapsed Time: 0:00:29 | Steps: 164 | Loss: 69.540124
Epoch 0 |   Training | Elapsed Time: 0:00:29 | Steps: 165 | Loss: 69.735732
Epoch 0 |   Training | Elapsed Time: 0:00:29 | Steps: 166 | Loss: 69.739536
Epoch 0 |   Training | Elapsed Time: 0:00:29 | Steps: 167 | Loss: 69.889382
Epoch 0 |   Training | Elapsed Time: 0:00:30 | Steps: 168 | Loss: 70.197622
Epoch 0 |   Training | Elapsed Time: 0:00:30 | Steps: 169 | Loss: 70.416230
Epoch 0 |   Training | Elapsed Time: 0:00:30 | Steps: 170 | Loss: 70.480698
Epoch 0 |   Training | Elapsed Time: 0:00:30 | Steps: 171 | Loss: 70.585457
Epoch 0 |   Training | Elapsed Time: 0:00:30 | Steps: 172 | Loss: 70.637089
Epoch 0 |   Training | Elapsed Time: 0:00:31 | Steps: 173 | Loss: 70.631956
Epoch 0 |   Training | Elapsed Time: 0:00:31 | Steps: 174 | Loss: 70.810855
Epoch 0 |   Training | Elapsed Time: 0:00:31 | Steps: 175 | Loss: 70.990260
Epoch 0 |   Training | Elapsed Time: 0:00:31 | Steps: 176 | Loss: 71.273342
Epoch 0 |   Training | Elapsed Time: 0:00:31 | Steps: 177 | Loss: 71.666048
Epoch 0 |   Training | Elapsed Time: 0:00:31 | Steps: 178 | Loss: 71.713257
Epoch 0 |   Training | Elapsed Time: 0:00:32 | Steps: 179 | Loss: 71.884691
Epoch 0 |   Training | Elapsed Time: 0:00:32 | Steps: 180 | Loss: 72.075143
Epoch 0 |   Training | Elapsed Time: 0:00:32 | Steps: 181 | Loss: 72.155034
Epoch 0 |   Training | Elapsed Time: 0:00:32 | Steps: 182 | Loss: 72.253220
Epoch 0 |   Training | Elapsed Time: 0:00:32 | Steps: 183 | Loss: 72.360596
Epoch 0 |   Training | Elapsed Time: 0:00:33 | Steps: 184 | Loss: 72.519696
Epoch 0 |   Training | Elapsed Time: 0:00:33 | Steps: 185 | Loss: 72.735350
Epoch 0 |   Training | Elapsed Time: 0:00:33 | Steps: 186 | Loss: 72.804039
Epoch 0 |   Training | Elapsed Time: 0:00:33 | Steps: 187 | Loss: 72.889407
Epoch 0 |   Training | Elapsed Time: 0:00:33 | Steps: 188 | Loss: 73.035544
Epoch 0 |   Training | Elapsed Time: 0:00:34 | Steps: 189 | Loss: 73.159393
Epoch 0 |   Training | Elapsed Time: 0:00:34 | Steps: 190 | Loss: 73.439007
Epoch 0 |   Training | Elapsed Time: 0:00:34 | Steps: 191 | Loss: 73.623025
Epoch 0 |   Training | Elapsed Time: 0:00:34 | Steps: 192 | Loss: 73.869127
Epoch 0 |   Training | Elapsed Time: 0:00:34 | Steps: 193 | Loss: 73.938181
Epoch 0 |   Training | Elapsed Time: 0:00:34 | Steps: 194 | Loss: 74.046916
Epoch 0 |   Training | Elapsed Time: 0:00:35 | Steps: 195 | Loss: 74.075414
Epoch 0 |   Training | Elapsed Time: 0:00:35 | Steps: 196 | Loss: 74.172533
Epoch 0 |   Training | Elapsed Time: 0:00:35 | Steps: 197 | Loss: 74.360087
Epoch 0 |   Training | Elapsed Time: 0:00:35 | Steps: 198 | Loss: 74.484209
Epoch 0 |   Training | Elapsed Time: 0:00:35 | Steps: 199 | Loss: 74.546655
Epoch 0 |   Training | Elapsed Time: 0:00:36 | Steps: 200 | Loss: 74.718346
Epoch 0 |   Training | Elapsed Time: 0:00:36 | Steps: 201 | Loss: 74.728111
Epoch 0 |   Training | Elapsed Time: 0:00:36 | Steps: 202 | Loss: 74.767097
Epoch 0 |   Training | Elapsed Time: 0:00:36 | Steps: 203 | Loss: 74.814399
Epoch 0 |   Training | Elapsed Time: 0:00:36 | Steps: 204 | Loss: 74.851922
Epoch 0 |   Training | Elapsed Time: 0:00:37 | Steps: 205 | Loss: 75.064108
Epoch 0 |   Training | Elapsed Time: 0:00:37 | Steps: 206 | Loss: 75.154080
Epoch 0 |   Training | Elapsed Time: 0:00:37 | Steps: 207 | Loss: 75.150414
Epoch 0 |   Training | Elapsed Time: 0:00:37 | Steps: 208 | Loss: 75.366427
Epoch 0 |   Training | Elapsed Time: 0:00:37 | Steps: 209 | Loss: 75.618895
Epoch 0 |   Training | Elapsed Time: 0:00:38 | Steps: 210 | Loss: 75.834957
Epoch 0 |   Training | Elapsed Time: 0:00:38 | Steps: 211 | Loss: 76.058788
Epoch 0 |   Training | Elapsed Time: 0:00:38 | Steps: 212 | Loss: 76.346048
Epoch 0 |   Training | Elapsed Time: 0:00:38 | Steps: 213 | Loss: 76.264395
Epoch 0 |   Training | Elapsed Time: 0:00:38 | Steps: 214 | Loss: 76.332198
Epoch 0 |   Training | Elapsed Time: 0:00:39 | Steps: 215 | Loss: 76.718490
Epoch 0 |   Training | Elapsed Time: 0:00:39 | Steps: 216 | Loss: 76.831003
Epoch 0 |   Training | Elapsed Time: 0:00:39 | Steps: 217 | Loss: 76.890609
Epoch 0 |   Training | Elapsed Time: 0:00:39 | Steps: 218 | Loss: 77.031599
Epoch 0 |   Training | Elapsed Time: 0:00:39 | Steps: 219 | Loss: 77.153497
Epoch 0 |   Training | Elapsed Time: 0:00:40 | Steps: 220 | Loss: 77.341478
Epoch 0 |   Training | Elapsed Time: 0:00:40 | Steps: 221 | Loss: 77.512489
Epoch 0 |   Training | Elapsed Time: 0:00:40 | Steps: 222 | Loss: 77.502772
Epoch 0 |   Training | Elapsed Time: 0:00:40 | Steps: 223 | Loss: 77.618392
Epoch 0 |   Training | Elapsed Time: 0:00:40 | Steps: 224 | Loss: 77.876980
Epoch 0 |   Training | Elapsed Time: 0:00:41 | Steps: 225 | Loss: 77.976122
Epoch 0 |   Training | Elapsed Time: 0:00:41 | Steps: 226 | Loss: 78.031214
Epoch 0 |   Training | Elapsed Time: 0:00:41 | Steps: 227 | Loss: 78.192438
Epoch 0 |   Training | Elapsed Time: 0:00:41 | Steps: 228 | Loss: 78.279194
Epoch 0 |   Training | Elapsed Time: 0:00:41 | Steps: 229 | Loss: 78.609068
Epoch 0 |   Training | Elapsed Time: 0:00:42 | Steps: 230 | Loss: 78.843155
Epoch 0 |   Training | Elapsed Time: 0:00:42 | Steps: 231 | Loss: 78.838216
Epoch 0 |   Training | Elapsed Time: 0:00:42 | Steps: 232 | Loss: 78.888072
Epoch 0 |   Training | Elapsed Time: 0:00:42 | Steps: 233 | Loss: 78.922422
Epoch 0 |   Training | Elapsed Time: 0:00:42 | Steps: 234 | Loss: 79.189487
Epoch 0 |   Training | Elapsed Time: 0:00:43 | Steps: 235 | Loss: 79.207236
Epoch 0 |   Training | Elapsed Time: 0:00:43 | Steps: 236 | Loss: 79.353945
Epoch 0 |   Training | Elapsed Time: 0:00:43 | Steps: 237 | Loss: 79.359186
Epoch 0 |   Training | Elapsed Time: 0:00:43 | Steps: 238 | Loss: 79.535025
Epoch 0 |   Training | Elapsed Time: 0:00:44 | Steps: 239 | Loss: 79.591748
Epoch 0 |   Training | Elapsed Time: 0:00:44 | Steps: 240 | Loss: 79.667671
Epoch 0 |   Training | Elapsed Time: 0:00:44 | Steps: 241 | Loss: 80.035942
Epoch 0 |   Training | Elapsed Time: 0:00:44 | Steps: 242 | Loss: 80.143146
Epoch 0 |   Training | Elapsed Time: 0:00:44 | Steps: 243 | Loss: 80.296988
Epoch 0 |   Training | Elapsed Time: 0:00:45 | Steps: 244 | Loss: 80.331822
Epoch 0 |   Training | Elapsed Time: 0:00:45 | Steps: 245 | Loss: 80.546476
Epoch 0 |   Training | Elapsed Time: 0:00:45 | Steps: 246 | Loss: 80.851692
Epoch 0 |   Training | Elapsed Time: 0:00:45 | Steps: 247 | Loss: 81.142034
Epoch 0 |   Training | Elapsed Time: 0:00:45 | Steps: 248 | Loss: 81.247222
Epoch 0 |   Training | Elapsed Time: 0:00:46 | Steps: 249 | Loss: 81.435849
Epoch 0 |   Training | Elapsed Time: 0:00:46 | Steps: 250 | Loss: 81.597619
Epoch 0 |   Training | Elapsed Time: 0:00:46 | Steps: 251 | Loss: 81.724647
Epoch 0 |   Training | Elapsed Time: 0:00:46 | Steps: 252 | Loss: 81.799456
Epoch 0 |   Training | Elapsed Time: 0:00:46 | Steps: 253 | Loss: 81.887845
Epoch 0 |   Training | Elapsed Time: 0:00:47 | Steps: 254 | Loss: 81.994481
Epoch 0 |   Training | Elapsed Time: 0:00:47 | Steps: 255 | Loss: 82.005015
Epoch 0 |   Training | Elapsed Time: 0:00:47 | Steps: 256 | Loss: 82.055726
Epoch 0 |   Training | Elapsed Time: 0:00:47 | Steps: 257 | Loss: 82.185904
Epoch 0 |   Training | Elapsed Time: 0:00:48 | Steps: 258 | Loss: 82.305958
Epoch 0 |   Training | Elapsed Time: 0:00:48 | Steps: 259 | Loss: 82.580359
Epoch 0 |   Training | Elapsed Time: 0:00:48 | Steps: 260 | Loss: 82.783818
Epoch 0 |   Training | Elapsed Time: 0:00:48 | Steps: 261 | Loss: 82.977970
Epoch 0 |   Training | Elapsed Time: 0:00:48 | Steps: 262 | Loss: 83.064613
Epoch 0 |   Training | Elapsed Time: 0:00:49 | Steps: 263 | Loss: 83.259440
Epoch 0 |   Training | Elapsed Time: 0:00:49 | Steps: 264 | Loss: 83.403416
Epoch 0 |   Training | Elapsed Time: 0:00:49 | Steps: 265 | Loss: 83.554482
Epoch 0 |   Training | Elapsed Time: 0:00:49 | Steps: 266 | Loss: 83.780285
Epoch 0 |   Training | Elapsed Time: 0:00:50 | Steps: 267 | Loss: 83.789978
Epoch 0 |   Training | Elapsed Time: 0:00:50 | Steps: 268 | Loss: 83.985134
Epoch 0 |   Training | Elapsed Time: 0:00:50 | Steps: 269 | Loss: 84.215534
Epoch 0 |   Training | Elapsed Time: 0:00:50 | Steps: 270 | Loss: 84.362980
Epoch 0 |   Training | Elapsed Time: 0:00:50 | Steps: 271 | Loss: 84.446628
Epoch 0 |   Training | Elapsed Time: 0:00:51 | Steps: 272 | Loss: 84.488352
Epoch 0 |   Training | Elapsed Time: 0:00:51 | Steps: 273 | Loss: 84.720610
Epoch 0 |   Training | Elapsed Time: 0:00:51 | Steps: 274 | Loss: 85.001762
Epoch 0 |   Training | Elapsed Time: 0:00:51 | Steps: 275 | Loss: 85.286703
Epoch 0 |   Training | Elapsed Time: 0:00:52 | Steps: 276 | Loss: 85.336379
Epoch 0 |   Training | Elapsed Time: 0:00:52 | Steps: 277 | Loss: 85.515925
Epoch 0 |   Training | Elapsed Time: 0:00:52 | Steps: 278 | Loss: 85.717372
Epoch 0 |   Training | Elapsed Time: 0:00:52 | Steps: 279 | Loss: 85.799058
Epoch 0 |   Training | Elapsed Time: 0:00:52 | Steps: 280 | Loss: 85.964151
Epoch 0 |   Training | Elapsed Time: 0:00:53 | Steps: 281 | Loss: 86.039272
Epoch 0 |   Training | Elapsed Time: 0:00:53 | Steps: 282 | Loss: 86.269862
Epoch 0 |   Training | Elapsed Time: 0:00:53 | Steps: 283 | Loss: 86.346686
Epoch 0 |   Training | Elapsed Time: 0:00:53 | Steps: 284 | Loss: 86.682737
Epoch 0 |   Training | Elapsed Time: 0:00:54 | Steps: 285 | Loss: 86.827421
Epoch 0 |   Training | Elapsed Time: 0:00:54 | Steps: 286 | Loss: 87.025483
Epoch 0 |   Training | Elapsed Time: 0:00:54 | Steps: 287 | Loss: 87.142111
Epoch 0 |   Training | Elapsed Time: 0:00:54 | Steps: 288 | Loss: 87.326121
Epoch 0 |   Training | Elapsed Time: 0:00:54 | Steps: 289 | Loss: 87.503640
Epoch 0 |   Training | Elapsed Time: 0:00:55 | Steps: 290 | Loss: 87.539083
Epoch 0 |   Training | Elapsed Time: 0:00:55 | Steps: 291 | Loss: 87.744476
Epoch 0 |   Training | Elapsed Time: 0:00:55 | Steps: 292 | Loss: 87.911081
Epoch 0 |   Training | Elapsed Time: 0:00:55 | Steps: 293 | Loss: 88.087690
Epoch 0 |   Training | Elapsed Time: 0:00:56 | Steps: 294 | Loss: 88.358783
Epoch 0 |   Training | Elapsed Time: 0:00:56 | Steps: 295 | Loss: 88.555190
Epoch 0 |   Training | Elapsed Time: 0:00:56 | Steps: 296 | Loss: 88.721717
Epoch 0 |   Training | Elapsed Time: 0:00:56 | Steps: 297 | Loss: 88.792036
Epoch 0 |   Training | Elapsed Time: 0:00:57 | Steps: 298 | Loss: 88.792381
Epoch 0 |   Training | Elapsed Time: 0:00:57 | Steps: 299 | Loss: 88.985684
Epoch 0 |   Training | Elapsed Time: 0:00:57 | Steps: 300 | Loss: 89.187046
Epoch 0 |   Training | Elapsed Time: 0:00:57 | Steps: 301 | Loss: 89.326933
Epoch 0 |   Training | Elapsed Time: 0:00:58 | Steps: 302 | Loss: 89.344786
Epoch 0 |   Training | Elapsed Time: 0:00:58 | Steps: 303 | Loss: 89.539232
Epoch 0 |   Training | Elapsed Time: 0:00:58 | Steps: 304 | Loss: 89.749239
Epoch 0 |   Training | Elapsed Time: 0:00:58 | Steps: 305 | Loss: 89.910823
Epoch 0 |   Training | Elapsed Time: 0:00:58 | Steps: 306 | Loss: 90.111356
Epoch 0 |   Training | Elapsed Time: 0:00:59 | Steps: 307 | Loss: 90.345412
Epoch 0 |   Training | Elapsed Time: 0:00:59 | Steps: 308 | Loss: 90.591385
Epoch 0 |   Training | Elapsed Time: 0:00:59 | Steps: 309 | Loss: 90.751084
Epoch 0 |   Training | Elapsed Time: 0:00:59 | Steps: 310 | Loss: 90.985798
Epoch 0 |   Training | Elapsed Time: 0:01:00 | Steps: 311 | Loss: 91.213784
Epoch 0 |   Training | Elapsed Time: 0:01:00 | Steps: 312 | Loss: 91.308025
Epoch 0 |   Training | Elapsed Time: 0:01:00 | Steps: 313 | Loss: 91.386529
Epoch 0 |   Training | Elapsed Time: 0:01:00 | Steps: 314 | Loss: 91.430961
Epoch 0 |   Training | Elapsed Time: 0:01:01 | Steps: 315 | Loss: 91.569779
Epoch 0 |   Training | Elapsed Time: 0:01:01 | Steps: 316 | Loss: 91.787735
Epoch 0 |   Training | Elapsed Time: 0:01:01 | Steps: 317 | Loss: 91.912778
Epoch 0 |   Training | Elapsed Time: 0:01:01 | Steps: 318 | Loss: 92.199470
Epoch 0 |   Training | Elapsed Time: 0:01:02 | Steps: 319 | Loss: 92.335240
Epoch 0 |   Training | Elapsed Time: 0:01:02 | Steps: 320 | Loss: 92.451526
Epoch 0 |   Training | Elapsed Time: 0:01:02 | Steps: 321 | Loss: 92.744895
Epoch 0 |   Training | Elapsed Time: 0:01:02 | Steps: 322 | Loss: 92.937810
Epoch 0 |   Training | Elapsed Time: 0:01:03 | Steps: 323 | Loss: 93.128845
Epoch 0 |   Training | Elapsed Time: 0:01:03 | Steps: 324 | Loss: 93.196298
Epoch 0 |   Training | Elapsed Time: 0:01:03 | Steps: 325 | Loss: 93.465793
Epoch 0 |   Training | Elapsed Time: 0:01:03 | Steps: 326 | Loss: 93.597388
Epoch 0 |   Training | Elapsed Time: 0:01:04 | Steps: 327 | Loss: 93.920854
Epoch 0 |   Training | Elapsed Time: 0:01:04 | Steps: 328 | Loss: 94.019210
Epoch 0 |   Training | Elapsed Time: 0:01:04 | Steps: 329 | Loss: 94.118341
Epoch 0 |   Training | Elapsed Time: 0:01:04 | Steps: 330 | Loss: 94.387875
Epoch 0 |   Training | Elapsed Time: 0:01:05 | Steps: 331 | Loss: 94.635517
Epoch 0 |   Training | Elapsed Time: 0:01:05 | Steps: 332 | Loss: 94.833428
Epoch 0 |   Training | Elapsed Time: 0:01:05 | Steps: 333 | Loss: 94.957708
Epoch 0 |   Training | Elapsed Time: 0:01:05 | Steps: 334 | Loss: 95.263688
Epoch 0 |   Training | Elapsed Time: 0:01:06 | Steps: 335 | Loss: 95.356587
Epoch 0 |   Training | Elapsed Time: 0:01:06 | Steps: 336 | Loss: 95.636580
Epoch 0 |   Training | Elapsed Time: 0:01:06 | Steps: 337 | Loss: 95.769800
Epoch 0 |   Training | Elapsed Time: 0:01:06 | Steps: 338 | Loss: 95.841344
Epoch 0 |   Training | Elapsed Time: 0:01:07 | Steps: 339 | Loss: 96.032032
Epoch 0 |   Training | Elapsed Time: 0:01:07 | Steps: 340 | Loss: 96.256211
Epoch 0 |   Training | Elapsed Time: 0:01:07 | Steps: 341 | Loss: 96.402788
Epoch 0 |   Training | Elapsed Time: 0:01:07 | Steps: 342 | Loss: 96.516068
Epoch 0 |   Training | Elapsed Time: 0:01:08 | Steps: 343 | Loss: 96.795154
Epoch 0 |   Training | Elapsed Time: 0:01:08 | Steps: 344 | Loss: 96.983181
Epoch 0 |   Training | Elapsed Time: 0:01:08 | Steps: 345 | Loss: 97.227830
Epoch 0 |   Training | Elapsed Time: 0:01:08 | Steps: 346 | Loss: 97.494438
Epoch 0 |   Training | Elapsed Time: 0:01:09 | Steps: 347 | Loss: 97.567120
Epoch 0 |   Training | Elapsed Time: 0:01:09 | Steps: 348 | Loss: 97.695014
Epoch 0 |   Training | Elapsed Time: 0:01:09 | Steps: 349 | Loss: 98.019960
Epoch 0 |   Training | Elapsed Time: 0:01:10 | Steps: 350 | Loss: 98.238689
Epoch 0 |   Training | Elapsed Time: 0:01:10 | Steps: 351 | Loss: 98.333927
Epoch 0 |   Training | Elapsed Time: 0:01:10 | Steps: 352 | Loss: 98.506636
Epoch 0 |   Training | Elapsed Time: 0:01:10 | Steps: 353 | Loss: 98.784544
Epoch 0 |   Training | Elapsed Time: 0:01:11 | Steps: 354 | Loss: 99.066411
Epoch 0 |   Training | Elapsed Time: 0:01:11 | Steps: 355 | Loss: 99.258264
Epoch 0 |   Training | Elapsed Time: 0:01:11 | Steps: 356 | Loss: 99.399189
Epoch 0 |   Training | Elapsed Time: 0:01:11 | Steps: 357 | Loss: 99.625756
Epoch 0 |   Training | Elapsed Time: 0:01:12 | Steps: 358 | Loss: 99.772343
Epoch 0 |   Training | Elapsed Time: 0:01:12 | Steps: 359 | Loss: 99.922072
Epoch 0 |   Training | Elapsed Time: 0:01:12 | Steps: 360 | Loss: 100.131789
Epoch 0 |   Training | Elapsed Time: 0:01:12 | Steps: 361 | Loss: 100.318476
Epoch 0 |   Training | Elapsed Time: 0:01:13 | Steps: 362 | Loss: 100.498891
Epoch 0 |   Training | Elapsed Time: 0:01:13 | Steps: 363 | Loss: 100.704500
Epoch 0 |   Training | Elapsed Time: 0:01:13 | Steps: 364 | Loss: 100.854994
Epoch 0 |   Training | Elapsed Time: 0:01:14 | Steps: 365 | Loss: 101.039182
Epoch 0 |   Training | Elapsed Time: 0:01:14 | Steps: 366 | Loss: 101.277795
Epoch 0 |   Training | Elapsed Time: 0:01:14 | Steps: 367 | Loss: 101.386821
Epoch 0 |   Training | Elapsed Time: 0:01:14 | Steps: 368 | Loss: 101.623032
Epoch 0 |   Training | Elapsed Time: 0:01:15 | Steps: 369 | Loss: 101.868504
Epoch 0 |   Training | Elapsed Time: 0:01:15 | Steps: 370 | Loss: 101.979884
Epoch 0 |   Training | Elapsed Time: 0:01:15 | Steps: 371 | Loss: 102.057639
Epoch 0 |   Training | Elapsed Time: 0:01:15 | Steps: 372 | Loss: 102.301208
Epoch 0 |   Training | Elapsed Time: 0:01:16 | Steps: 373 | Loss: 102.519342
Epoch 0 |   Training | Elapsed Time: 0:01:16 | Steps: 374 | Loss: 102.718149
Epoch 0 |   Training | Elapsed Time: 0:01:16 | Steps: 375 | Loss: 102.870739
Epoch 0 |   Training | Elapsed Time: 0:01:17 | Steps: 376 | Loss: 102.979079
Epoch 0 |   Training | Elapsed Time: 0:01:17 | Steps: 377 | Loss: 103.155270
Epoch 0 |   Training | Elapsed Time: 0:01:17 | Steps: 378 | Loss: 103.397634
Epoch 0 |   Training | Elapsed Time: 0:01:17 | Steps: 379 | Loss: 103.561719
Epoch 0 |   Training | Elapsed Time: 0:01:18 | Steps: 380 | Loss: 103.741242
Epoch 0 |   Training | Elapsed Time: 0:01:18 | Steps: 381 | Loss: 103.865706
Epoch 0 |   Training | Elapsed Time: 0:01:18 | Steps: 382 | Loss: 104.022427
Epoch 0 |   Training | Elapsed Time: 0:01:19 | Steps: 383 | Loss: 104.315345
Epoch 0 |   Training | Elapsed Time: 0:01:19 | Steps: 384 | Loss: 104.506605
Epoch 0 |   Training | Elapsed Time: 0:01:19 | Steps: 385 | Loss: 104.669883
Epoch 0 |   Training | Elapsed Time: 0:01:19 | Steps: 386 | Loss: 104.733221
Epoch 0 |   Training | Elapsed Time: 0:01:20 | Steps: 387 | Loss: 104.883849
Epoch 0 |   Training | Elapsed Time: 0:01:20 | Steps: 388 | Loss: 105.123100
Epoch 0 |   Training | Elapsed Time: 0:01:20 | Steps: 389 | Loss: 105.272683
Epoch 0 |   Training | Elapsed Time: 0:01:21 | Steps: 390 | Loss: 105.375311
Epoch 0 |   Training | Elapsed Time: 0:01:21 | Steps: 391 | Loss: 105.488821
Epoch 0 |   Training | Elapsed Time: 0:01:21 | Steps: 392 | Loss: 105.673803
Epoch 0 |   Training | Elapsed Time: 0:01:21 | Steps: 393 | Loss: 106.016931
Epoch 0 |   Training | Elapsed Time: 0:01:22 | Steps: 394 | Loss: 106.147122
Epoch 0 |   Training | Elapsed Time: 0:01:22 | Steps: 395 | Loss: 106.244477
Epoch 0 |   Training | Elapsed Time: 0:01:22 | Steps: 396 | Loss: 106.340382
Epoch 0 |   Training | Elapsed Time: 0:01:23 | Steps: 397 | Loss: 106.521086
Epoch 0 |   Training | Elapsed Time: 0:01:23 | Steps: 398 | Loss: 106.745605
Epoch 0 |   Training | Elapsed Time: 0:01:23 | Steps: 399 | Loss: 106.889328
Epoch 0 |   Training | Elapsed Time: 0:01:23 | Steps: 400 | Loss: 107.086350
Epoch 0 |   Training | Elapsed Time: 0:01:24 | Steps: 401 | Loss: 107.282284
Epoch 0 |   Training | Elapsed Time: 0:01:24 | Steps: 402 | Loss: 107.472199
Epoch 0 |   Training | Elapsed Time: 0:01:24 | Steps: 403 | Loss: 107.705128
Epoch 0 |   Training | Elapsed Time: 0:01:25 | Steps: 404 | Loss: 107.961620
Epoch 0 |   Training | Elapsed Time: 0:01:25 | Steps: 405 | Loss: 108.096133
Epoch 0 |   Training | Elapsed Time: 0:01:25 | Steps: 406 | Loss: 108.225190
Epoch 0 |   Training | Elapsed Time: 0:01:25 | Steps: 407 | Loss: 108.492748
Epoch 0 |   Training | Elapsed Time: 0:01:26 | Steps: 408 | Loss: 108.613118
Epoch 0 |   Training | Elapsed Time: 0:01:26 | Steps: 409 | Loss: 108.763884
Epoch 0 |   Training | Elapsed Time: 0:01:26 | Steps: 410 | Loss: 109.008967
Epoch 0 |   Training | Elapsed Time: 0:01:27 | Steps: 411 | Loss: 109.197805
Epoch 0 |   Training | Elapsed Time: 0:01:27 | Steps: 412 | Loss: 109.344632
Epoch 0 |   Training | Elapsed Time: 0:01:27 | Steps: 413 | Loss: 109.577364
Epoch 0 |   Training | Elapsed Time: 0:01:28 | Steps: 414 | Loss: 109.848621
Epoch 0 |   Training | Elapsed Time: 0:01:28 | Steps: 415 | Loss: 109.999734
Epoch 0 |   Training | Elapsed Time: 0:01:28 | Steps: 416 | Loss: 110.205102
Epoch 0 |   Training | Elapsed Time: 0:01:29 | Steps: 417 | Loss: 110.345772
Epoch 0 |   Training | Elapsed Time: 0:01:29 | Steps: 418 | Loss: 110.516275
Epoch 0 |   Training | Elapsed Time: 0:01:29 | Steps: 419 | Loss: 110.845816
Epoch 0 |   Training | Elapsed Time: 0:01:29 | Steps: 420 | Loss: 111.011431
Epoch 0 |   Training | Elapsed Time: 0:01:30 | Steps: 421 | Loss: 111.309339
Epoch 0 |   Training | Elapsed Time: 0:01:30 | Steps: 422 | Loss: 111.548708
Epoch 0 |   Training | Elapsed Time: 0:01:30 | Steps: 423 | Loss: 111.760930
Epoch 0 |   Training | Elapsed Time: 0:01:31 | Steps: 424 | Loss: 111.886511
Epoch 0 |   Training | Elapsed Time: 0:01:31 | Steps: 425 | Loss: 112.054510
Epoch 0 |   Training | Elapsed Time: 0:01:31 | Steps: 426 | Loss: 112.245872
Epoch 0 |   Training | Elapsed Time: 0:01:32 | Steps: 427 | Loss: 112.401069
Epoch 0 |   Training | Elapsed Time: 0:01:32 | Steps: 428 | Loss: 112.646004
Epoch 0 |   Training | Elapsed Time: 0:01:32 | Steps: 429 | Loss: 112.889729
Epoch 0 |   Training | Elapsed Time: 0:01:33 | Steps: 430 | Loss: 113.103403
Epoch 0 |   Training | Elapsed Time: 0:01:33 | Steps: 431 | Loss: 113.312785
Epoch 0 |   Training | Elapsed Time: 0:01:33 | Steps: 432 | Loss: 113.565388
Epoch 0 |   Training | Elapsed Time: 0:01:34 | Steps: 433 | Loss: 113.780253
Epoch 0 |   Training | Elapsed Time: 0:01:34 | Steps: 434 | Loss: 113.970565
Epoch 0 |   Training | Elapsed Time: 0:01:34 | Steps: 435 | Loss: 114.236026
Epoch 0 |   Training | Elapsed Time: 0:01:35 | Steps: 436 | Loss: 114.420204
Epoch 0 |   Training | Elapsed Time: 0:01:35 | Steps: 437 | Loss: 114.623619
Epoch 0 |   Training | Elapsed Time: 0:01:35 | Steps: 438 | Loss: 114.883738
Epoch 0 |   Training | Elapsed Time: 0:01:35 | Steps: 439 | Loss: 115.156818
Epoch 0 |   Training | Elapsed Time: 0:01:36 | Steps: 440 | Loss: 115.359530
Epoch 0 |   Training | Elapsed Time: 0:01:36 | Steps: 441 | Loss: 115.598251
Epoch 0 |   Training | Elapsed Time: 0:01:36 | Steps: 442 | Loss: 115.829799
Epoch 0 |   Training | Elapsed Time: 0:01:37 | Steps: 443 | Loss: 116.063910
Epoch 0 |   Training | Elapsed Time: 0:01:37 | Steps: 444 | Loss: 116.273237
Epoch 0 |   Training | Elapsed Time: 0:01:37 | Steps: 445 | Loss: 116.405858
Epoch 0 |   Training | Elapsed Time: 0:01:38 | Steps: 446 | Loss: 116.560528
Epoch 0 |   Training | Elapsed Time: 0:01:38 | Steps: 447 | Loss: 116.761328
Epoch 0 |   Training | Elapsed Time: 0:01:38 | Steps: 448 | Loss: 116.943623
Epoch 0 |   Training | Elapsed Time: 0:01:39 | Steps: 449 | Loss: 117.137112
Epoch 0 |   Training | Elapsed Time: 0:01:39 | Steps: 450 | Loss: 117.472073
Epoch 0 |   Training | Elapsed Time: 0:01:39 | Steps: 451 | Loss: 117.722865
Epoch 0 |   Training | Elapsed Time: 0:01:40 | Steps: 452 | Loss: 117.929866
Epoch 0 |   Training | Elapsed Time: 0:01:40 | Steps: 453 | Loss: 118.204474
Epoch 0 |   Training | Elapsed Time: 0:01:40 | Steps: 454 | Loss: 118.533319
Epoch 0 |   Training | Elapsed Time: 0:01:41 | Steps: 455 | Loss: 118.798210
Epoch 0 |   Training | Elapsed Time: 0:01:41 | Steps: 456 | Loss: 119.008172
Epoch 0 |   Training | Elapsed Time: 0:01:41 | Steps: 457 | Loss: 119.149330
Epoch 0 |   Training | Elapsed Time: 0:01:42 | Steps: 458 | Loss: 119.353313
Epoch 0 |   Training | Elapsed Time: 0:01:42 | Steps: 459 | Loss: 119.514427
Epoch 0 |   Training | Elapsed Time: 0:01:42 | Steps: 460 | Loss: 119.737232
Epoch 0 |   Training | Elapsed Time: 0:01:43 | Steps: 461 | Loss: 119.895790
Epoch 0 |   Training | Elapsed Time: 0:01:43 | Steps: 462 | Loss: 120.122510
Epoch 0 |   Training | Elapsed Time: 0:01:43 | Steps: 463 | Loss: 120.418993
Epoch 0 |   Training | Elapsed Time: 0:01:44 | Steps: 464 | Loss: 120.595976
Epoch 0 |   Training | Elapsed Time: 0:01:44 | Steps: 465 | Loss: 120.854264
Epoch 0 |   Training | Elapsed Time: 0:01:44 | Steps: 466 | Loss: 120.994791
Epoch 0 |   Training | Elapsed Time: 0:01:45 | Steps: 467 | Loss: 121.303627
Epoch 0 |   Training | Elapsed Time: 0:01:45 | Steps: 468 | Loss: 121.678173
Epoch 0 |   Training | Elapsed Time: 0:01:46 | Steps: 469 | Loss: 122.027127
Epoch 0 |   Training | Elapsed Time: 0:01:46 | Steps: 470 | Loss: 122.275507
Epoch 0 |   Training | Elapsed Time: 0:01:46 | Steps: 471 | Loss: 122.451478
Epoch 0 |   Training | Elapsed Time: 0:01:47 | Steps: 472 | Loss: 122.682578
Epoch 0 |   Training | Elapsed Time: 0:01:47 | Steps: 473 | Loss: 123.010518
Epoch 0 |   Training | Elapsed Time: 0:01:47 | Steps: 474 | Loss: 123.305317
Epoch 0 |   Training | Elapsed Time: 0:01:48 | Steps: 475 | Loss: 123.478078
Epoch 0 |   Training | Elapsed Time: 0:01:48 | Steps: 476 | Loss: 123.740397
Epoch 0 |   Training | Elapsed Time: 0:01:48 | Steps: 477 | Loss: 123.976398
Epoch 0 |   Training | Elapsed Time: 0:01:49 | Steps: 478 | Loss: 124.134205
Epoch 0 |   Training | Elapsed Time: 0:01:49 | Steps: 479 | Loss: 124.372182
Epoch 0 |   Training | Elapsed Time: 0:01:49 | Steps: 480 | Loss: 124.534291
Epoch 0 |   Training | Elapsed Time: 0:01:50 | Steps: 481 | Loss: 124.803800
Epoch 0 |   Training | Elapsed Time: 0:01:50 | Steps: 482 | Loss: 125.044368
Epoch 0 |   Training | Elapsed Time: 0:01:50 | Steps: 483 | Loss: 125.243248
Epoch 0 |   Training | Elapsed Time: 0:01:51 | Steps: 484 | Loss: 125.514696
Epoch 0 |   Training | Elapsed Time: 0:01:51 | Steps: 485 | Loss: 125.783562
Epoch 0 |   Training | Elapsed Time: 0:01:52 | Steps: 486 | Loss: 125.974420
Epoch 0 |   Training | Elapsed Time: 0:01:52 | Steps: 487 | Loss: 126.223688
Epoch 0 |   Training | Elapsed Time: 0:01:52 | Steps: 488 | Loss: 126.477935
Epoch 0 |   Training | Elapsed Time: 0:01:53 | Steps: 489 | Loss: 126.732554
Epoch 0 |   Training | Elapsed Time: 0:01:53 | Steps: 490 | Loss: 127.042710
Epoch 0 |   Training | Elapsed Time: 0:01:53 | Steps: 491 | Loss: 127.292020
Epoch 0 |   Training | Elapsed Time: 0:01:54 | Steps: 492 | Loss: 127.500227
Epoch 0 |   Training | Elapsed Time: 0:01:54 | Steps: 493 | Loss: 127.777190
Epoch 0 |   Training | Elapsed Time: 0:01:55 | Steps: 494 | Loss: 127.999157
Epoch 0 |   Training | Elapsed Time: 0:01:55 | Steps: 495 | Loss: 128.220379
Epoch 0 |   Training | Elapsed Time: 0:01:55 | Steps: 496 | Loss: 128.472630
Epoch 0 |   Training | Elapsed Time: 0:01:56 | Steps: 497 | Loss: 128.771422
Epoch 0 |   Training | Elapsed Time: 0:01:56 | Steps: 498 | Loss: 129.054269
Epoch 0 |   Training | Elapsed Time: 0:01:56 | Steps: 499 | Loss: 129.297667
Epoch 0 |   Training | Elapsed Time: 0:01:57 | Steps: 500 | Loss: 129.459617
Epoch 0 |   Training | Elapsed Time: 0:01:57 | Steps: 501 | Loss: 129.875842
Epoch 0 |   Training | Elapsed Time: 0:01:58 | Steps: 502 | Loss: 130.167711
Epoch 0 |   Training | Elapsed Time: 0:01:58 | Steps: 503 | Loss: 130.437670
Epoch 0 |   Training | Elapsed Time: 0:01:58 | Steps: 504 | Loss: 130.591898
Epoch 0 |   Training | Elapsed Time: 0:01:59 | Steps: 505 | Loss: 130.831386
Epoch 0 |   Training | Elapsed Time: 0:01:59 | Steps: 506 | Loss: 131.070746
Epoch 0 |   Training | Elapsed Time: 0:02:00 | Steps: 507 | Loss: 131.314156
Epoch 0 |   Training | Elapsed Time: 0:02:00 | Steps: 508 | Loss: 131.610675
Epoch 0 |   Training | Elapsed Time: 0:02:00 | Steps: 509 | Loss: 131.872171
Epoch 0 |   Training | Elapsed Time: 0:02:01 | Steps: 510 | Loss: 132.106941
Epoch 0 |   Training | Elapsed Time: 0:02:01 | Steps: 511 | Loss: 132.341855
Epoch 0 |   Training | Elapsed Time: 0:02:02 | Steps: 512 | Loss: 132.620712
Epoch 0 |   Training | Elapsed Time: 0:02:02 | Steps: 513 | Loss: 132.916687
Epoch 0 |   Training | Elapsed Time: 0:02:02 | Steps: 514 | Loss: 133.134667
Epoch 0 |   Training | Elapsed Time: 0:02:03 | Steps: 515 | Loss: 133.470750
Epoch 0 |   Training | Elapsed Time: 0:02:03 | Steps: 516 | Loss: 133.859842
Epoch 0 |   Training | Elapsed Time: 0:02:04 | Steps: 517 | Loss: 134.153688
Epoch 0 |   Training | Elapsed Time: 0:02:04 | Steps: 518 | Loss: 134.440624
Epoch 0 |   Training | Elapsed Time: 0:02:04 | Steps: 519 | Loss: 134.728455
Epoch 0 |   Training | Elapsed Time: 0:02:05 | Steps: 520 | Loss: 134.989305
Epoch 0 |   Training | Elapsed Time: 0:02:05 | Steps: 521 | Loss: 135.359933
Epoch 0 |   Training | Elapsed Time: 0:02:06 | Steps: 522 | Loss: 135.649041
Epoch 0 |   Training | Elapsed Time: 0:02:06 | Steps: 523 | Loss: 135.988788
Epoch 0 |   Training | Elapsed Time: 0:02:06 | Steps: 524 | Loss: 136.325081
Epoch 0 |   Training | Elapsed Time: 0:02:07 | Steps: 525 | Loss: 136.544192
Epoch 0 |   Training | Elapsed Time: 0:02:07 | Steps: 526 | Loss: 136.751402
Epoch 0 |   Training | Elapsed Time: 0:02:08 | Steps: 527 | Loss: 137.040756
Epoch 0 |   Training | Elapsed Time: 0:02:08 | Steps: 528 | Loss: 137.410546
Epoch 0 |   Training | Elapsed Time: 0:02:09 | Steps: 529 | Loss: 137.797081
Epoch 0 |   Training | Elapsed Time: 0:02:09 | Steps: 530 | Loss: 138.099526
Epoch 0 |   Training | Elapsed Time: 0:02:09 | Steps: 531 | Loss: 138.376553
Epoch 0 |   Training | Elapsed Time: 0:02:10 | Steps: 532 | Loss: 138.745218
Epoch 0 |   Training | Elapsed Time: 0:02:10 | Steps: 533 | Loss: 139.104740
Epoch 0 |   Training | Elapsed Time: 0:02:11 | Steps: 534 | Loss: 139.495477
Epoch 0 |   Training | Elapsed Time: 0:02:11 | Steps: 535 | Loss: 139.807638
Epoch 0 |   Training | Elapsed Time: 0:02:12 | Steps: 536 | Loss: 140.144014
Epoch 0 |   Training | Elapsed Time: 0:02:12 | Steps: 537 | Loss: 140.469896
Epoch 0 |   Training | Elapsed Time: 0:02:13 | Steps: 538 | Loss: 140.871982
Epoch 0 |   Training | Elapsed Time: 0:02:13 | Steps: 539 | Loss: 141.348083
Epoch 0 |   Training | Elapsed Time: 0:02:14 | Steps: 540 | Loss: 141.838033
Epoch 0 |   Training | Elapsed Time: 0:02:14 | Steps: 541 | Loss: 142.190592
Epoch 0 |   Training | Elapsed Time: 0:02:14 | Steps: 542 | Loss: 142.611971
Epoch 0 |   Training | Elapsed Time: 0:02:15 | Steps: 543 | Loss: 142.905934
Epoch 0 |   Training | Elapsed Time: 0:02:15 | Steps: 544 | Loss: 143.254405
Epoch 0 |   Training | Elapsed Time: 0:02:16 | Steps: 545 | Loss: 143.612785
Epoch 0 |   Training | Elapsed Time: 0:02:16 | Steps: 546 | Loss: 143.937080
Epoch 0 |   Training | Elapsed Time: 0:02:17 | Steps: 547 | Loss: 144.264156
Epoch 0 |   Training | Elapsed Time: 0:02:17 | Steps: 548 | Loss: 144.648383
Epoch 0 |   Training | Elapsed Time: 0:02:18 | Steps: 549 | Loss: 145.093718
Epoch 0 |   Training | Elapsed Time: 0:02:18 | Steps: 550 | Loss: 145.403696
Epoch 0 |   Training | Elapsed Time: 0:02:19 | Steps: 551 | Loss: 145.754475
Epoch 0 |   Training | Elapsed Time: 0:02:19 | Steps: 552 | Loss: 146.119347
Epoch 0 |   Training | Elapsed Time: 0:02:20 | Steps: 553 | Loss: 146.543223
Epoch 0 |   Training | Elapsed Time: 0:02:21 | Steps: 554 | Loss: 147.098383
Epoch 0 |   Training | Elapsed Time: 0:02:21 | Steps: 555 | Loss: 147.757843
Epoch 0 |   Training | Elapsed Time: 0:02:22 | Steps: 556 | Loss: 148.392692
Epoch 0 |   Training | Elapsed Time: 0:02:22 | Steps: 557 | Loss: 149.276113
Epoch 0 |   Training | Elapsed Time: 0:02:23 | Steps: 558 | Loss: 149.832356
Epoch 0 |   Training | Elapsed Time: 0:02:23 | Steps: 558 | Loss: 149.832356
Epoch 0 | Validation | Elapsed Time: 0:00:00 | Steps: 0 | Loss: 0.000000 | Dataset: set/clips/half_dev.csv
Epoch 0 | Validation | Elapsed Time: 0:00:02 | Steps: 1 | Loss: 47.592918 | Dataset: set/clips/half_dev.csv
Epoch 0 | Validation | Elapsed Time: 0:00:02 | Steps: 4 | Loss: 45.448681 | Dataset: set/clips/half_dev.csv
Epoch 0 | Validation | Elapsed Time: 0:00:02 | Steps: 8 | Loss: 47.174506 | Dataset: set/clips/half_dev.csv
Epoch 0 | Validation | Elapsed Time: 0:00:02 | Steps: 11 | Loss: 50.592983 | Dataset: set/clips/half_dev.csv
Epoch 0 | Validation | Elapsed Time: 0:00:02 | Steps: 13 | Loss: 50.360471 | Dataset: set/clips/half_dev.csv
Epoch 0 | Validation | Elapsed Time: 0:00:02 | Steps: 15 | Loss: 50.146834 | Dataset: set/clips/half_dev.csv
Epoch 0 | Validation | Elapsed Time: 0:00:03 | Steps: 17 | Loss: 51.673069 | Dataset: set/clips/half_dev.csv
Epoch 0 | Validation | Elapsed Time: 0:00:03 | Steps: 19 | Loss: 51.939072 | Dataset: set/clips/half_dev.csv
Epoch 0 | Validation | Elapsed Time: 0:00:03 | Steps: 23 | Loss: 52.831177 | Dataset: set/clips/half_dev.csv
Epoch 0 | Validation | Elapsed Time: 0:00:03 | Steps: 26 | Loss: 52.553544 | Dataset: set/clips/half_dev.csv
Epoch 0 | Validation | Elapsed Time: 0:00:03 | Steps: 27 | Loss: 52.684849 | Dataset: set/clips/half_dev.csv
Epoch 0 | Validation | Elapsed Time: 0:00:03 | Steps: 31 | Loss: 53.305900 | Dataset: set/clips/half_dev.csv
Epoch 0 | Validation | Elapsed Time: 0:00:03 | Steps: 33 | Loss: 53.418512 | Dataset: set/clips/half_dev.csv
Epoch 0 | Validation | Elapsed Time: 0:00:03 | Steps: 35 | Loss: 53.881539 | Dataset: set/clips/half_dev.csv
Epoch 0 | Validation | Elapsed Time: 0:00:04 | Steps: 37 | Loss: 54.311418 | Dataset: set/clips/half_dev.csv
Epoch 0 | Validation | Elapsed Time: 0:00:04 | Steps: 39 | Loss: 54.586156 | Dataset: set/clips/half_dev.csv
Epoch 0 | Validation | Elapsed Time: 0:00:04 | Steps: 42 | Loss: 55.049258 | Dataset: set/clips/half_dev.csv
Epoch 0 | Validation | Elapsed Time: 0:00:04 | Steps: 44 | Loss: 55.195081 | Dataset: set/clips/half_dev.csv
Epoch 0 | Validation | Elapsed Time: 0:00:04 | Steps: 46 | Loss: 55.322024 | Dataset: set/clips/half_dev.csv
Epoch 0 | Validation | Elapsed Time: 0:00:04 | Steps: 48 | Loss: 55.950980 | Dataset: set/clips/half_dev.csv
Epoch 0 | Validation | Elapsed Time: 0:00:04 | Steps: 51 | Loss: 56.041744 | Dataset: set/clips/half_dev.csv
Epoch 0 | Validation | Elapsed Time: 0:00:04 | Steps: 53 | Loss: 56.359600 | Dataset: set/clips/half_dev.csv
Epoch 0 | Validation | Elapsed Time: 0:00:04 | Steps: 55 | Loss: 56.770311 | Dataset: set/clips/half_dev.csv
Epoch 0 | Validation | Elapsed Time: 0:00:05 | Steps: 57 | Loss: 57.280605 | Dataset: set/clips/half_dev.csv
Epoch 0 | Validation | Elapsed Time: 0:00:05 | Steps: 60 | Loss: 58.272982 | Dataset: set/clips/half_dev.csv
Epoch 0 | Validation | Elapsed Time: 0:00:05 | Steps: 63 | Loss: 58.713397 | Dataset: set/clips/half_dev.csv
Epoch 0 | Validation | Elapsed Time: 0:00:05 | Steps: 66 | Loss: 59.081504 | Dataset: set/clips/half_dev.csv
Epoch 0 | Validation | Elapsed Time: 0:00:05 | Steps: 68 | Loss: 59.375119 | Dataset: set/clips/half_dev.csv
Epoch 0 | Validation | Elapsed Time: 0:00:05 | Steps: 71 | Loss: 59.754850 | Dataset: set/clips/half_dev.csv
Epoch 0 | Validation | Elapsed Time: 0:00:05 | Steps: 73 | Loss: 59.994079 | Dataset: set/clips/half_dev.csv
Epoch 0 | Validation | Elapsed Time: 0:00:05 | Steps: 75 | Loss: 60.227677 | Dataset: set/clips/half_dev.csv
Epoch 0 | Validation | Elapsed Time: 0:00:06 | Steps: 77 | Loss: 60.674224 | Dataset: set/clips/half_dev.csv
Epoch 0 | Validation | Elapsed Time: 0:00:06 | Steps: 80 | Loss: 60.827157 | Dataset: set/clips/half_dev.csv
Epoch 0 | Validation | Elapsed Time: 0:00:06 | Steps: 82 | Loss: 61.012044 | Dataset: set/clips/half_dev.csv
Epoch 0 | Validation | Elapsed Time: 0:00:06 | Steps: 84 | Loss: 61.396588 | Dataset: set/clips/half_dev.csv
Epoch 0 | Validation | Elapsed Time: 0:00:06 | Steps: 86 | Loss: 61.806996 | Dataset: set/clips/half_dev.csv
Epoch 0 | Validation | Elapsed Time: 0:00:06 | Steps: 88 | Loss: 62.393604 | Dataset: set/clips/half_dev.csv
Epoch 0 | Validation | Elapsed Time: 0:00:06 | Steps: 90 | Loss: 62.551558 | Dataset: set/clips/half_dev.csv
Epoch 0 | Validation | Elapsed Time: 0:00:06 | Steps: 92 | Loss: 62.943692 | Dataset: set/clips/half_dev.csv
Epoch 0 | Validation | Elapsed Time: 0:00:06 | Steps: 94 | Loss: 63.125104 | Dataset: set/clips/half_dev.csv
Epoch 0 | Validation | Elapsed Time: 0:00:07 | Steps: 96 | Loss: 63.594167 | Dataset: set/clips/half_dev.csv
Epoch 0 | Validation | Elapsed Time: 0:00:07 | Steps: 99 | Loss: 64.415194 | Dataset: set/clips/half_dev.csv
Epoch 0 | Validation | Elapsed Time: 0:00:07 | Steps: 102 | Loss: 64.644667 | Dataset: set/clips/half_dev.csv
Epoch 0 | Validation | Elapsed Time: 0:00:07 | Steps: 104 | Loss: 65.034626 | Dataset: set/clips/half_dev.csv
Epoch 0 | Validation | Elapsed Time: 0:00:07 | Steps: 107 | Loss: 65.419430 | Dataset: set/clips/half_dev.csv
Epoch 0 | Validation | Elapsed Time: 0:00:07 | Steps: 110 | Loss: 66.364412 | Dataset: set/clips/half_dev.csv
Epoch 0 | Validation | Elapsed Time: 0:00:07 | Steps: 113 | Loss: 67.255324 | Dataset: set/clips/half_dev.csv
Epoch 0 | Validation | Elapsed Time: 0:00:07 | Steps: 115 | Loss: 67.471365 | Dataset: set/clips/half_dev.csv
Epoch 0 | Validation | Elapsed Time: 0:00:08 | Steps: 118 | Loss: 67.953424 | Dataset: set/clips/half_dev.csv
Epoch 0 | Validation | Elapsed Time: 0:00:08 | Steps: 120 | Loss: 68.216821 | Dataset: set/clips/half_dev.csv
Epoch 0 | Validation | Elapsed Time: 0:00:08 | Steps: 122 | Loss: 68.509580 | Dataset: set/clips/half_dev.csv
Epoch 0 | Validation | Elapsed Time: 0:00:08 | Steps: 125 | Loss: 69.225504 | Dataset: set/clips/half_dev.csv
Epoch 0 | Validation | Elapsed Time: 0:00:08 | Steps: 128 | Loss: 69.709199 | Dataset: set/clips/half_dev.csv
Epoch 0 | Validation | Elapsed Time: 0:00:08 | Steps: 130 | Loss: 70.048121 | Dataset: set/clips/half_dev.csv
Epoch 0 | Validation | Elapsed Time: 0:00:08 | Steps: 132 | Loss: 70.337382 | Dataset: set/clips/half_dev.csv
Epoch 0 | Validation | Elapsed Time: 0:00:08 | Steps: 134 | Loss: 70.496087 | Dataset: set/clips/half_dev.csv
Epoch 0 | Validation | Elapsed Time: 0:00:09 | Steps: 136 | Loss: 70.666128 | Dataset: set/clips/half_dev.csv
Epoch 0 | Validation | Elapsed Time: 0:00:09 | Steps: 138 | Loss: 70.844659 | Dataset: set/clips/half_dev.csv
Epoch 0 | Validation | Elapsed Time: 0:00:09 | Steps: 141 | Loss: 71.464653 | Dataset: set/clips/half_dev.csv
Epoch 0 | Validation | Elapsed Time: 0:00:09 | Steps: 144 | Loss: 72.186845 | Dataset: set/clips/half_dev.csv
Epoch 0 | Validation | Elapsed Time: 0:00:09 | Steps: 146 | Loss: 72.487082 | Dataset: set/clips/half_dev.csv
Epoch 0 | Validation | Elapsed Time: 0:00:09 | Steps: 148 | Loss: 72.892941 | Dataset: set/clips/half_dev.csv
Epoch 0 | Validation | Elapsed Time: 0:00:09 | Steps: 150 | Loss: 73.433452 | Dataset: set/clips/half_dev.csv
Epoch 0 | Validation | Elapsed Time: 0:00:09 | Steps: 153 | Loss: 73.920670 | Dataset: set/clips/half_dev.csv
Epoch 0 | Validation | Elapsed Time: 0:00:10 | Steps: 155 | Loss: 74.022210 | Dataset: set/clips/half_dev.csv
Epoch 0 | Validation | Elapsed Time: 0:00:10 | Steps: 158 | Loss: 74.419848 | Dataset: set/clips/half_dev.csv
Epoch 0 | Validation | Elapsed Time: 0:00:10 | Steps: 161 | Loss: 74.990884 | Dataset: set/clips/half_dev.csv
Epoch 0 | Validation | Elapsed Time: 0:00:10 | Steps: 164 | Loss: 75.223969 | Dataset: set/clips/half_dev.csv
Epoch 0 | Validation | Elapsed Time: 0:00:10 | Steps: 166 | Loss: 75.506078 | Dataset: set/clips/half_dev.csv
Epoch 0 | Validation | Elapsed Time: 0:00:10 | Steps: 168 | Loss: 75.685968 | Dataset: set/clips/half_dev.csv
Epoch 0 | Validation | Elapsed Time: 0:00:10 | Steps: 171 | Loss: 76.243373 | Dataset: set/clips/half_dev.csv
Epoch 0 | Validation | Elapsed Time: 0:00:10 | Steps: 173 | Loss: 76.362581 | Dataset: set/clips/half_dev.csv
Epoch 0 | Validation | Elapsed Time: 0:00:11 | Steps: 175 | Loss: 76.626150 | Dataset: set/clips/half_dev.csv
Epoch 0 | Validation | Elapsed Time: 0:00:11 | Steps: 177 | Loss: 77.112739 | Dataset: set/clips/half_dev.csv
Epoch 0 | Validation | Elapsed Time: 0:00:11 | Steps: 179 | Loss: 77.545112 | Dataset: set/clips/half_dev.csv
Epoch 0 | Validation | Elapsed Time: 0:00:11 | Steps: 181 | Loss: 77.660170 | Dataset: set/clips/half_dev.csv
Epoch 0 | Validation | Elapsed Time: 0:00:11 | Steps: 183 | Loss: 77.864518 | Dataset: set/clips/half_dev.csv
Epoch 0 | Validation | Elapsed Time: 0:00:11 | Steps: 185 | Loss: 78.365982 | Dataset: set/clips/half_dev.csv
Epoch 0 | Validation | Elapsed Time: 0:00:11 | Steps: 188 | Loss: 78.534615 | Dataset: set/clips/half_dev.csv
Epoch 0 | Validation | Elapsed Time: 0:00:11 | Steps: 190 | Loss: 78.662690 | Dataset: set/clips/half_dev.csv
Epoch 0 | Validation | Elapsed Time: 0:00:11 | Steps: 192 | Loss: 78.972831 | Dataset: set/clips/half_dev.csv
Epoch 0 | Validation | Elapsed Time: 0:00:12 | Steps: 195 | Loss: 79.616116 | Dataset: set/clips/half_dev.csv
Epoch 0 | Validation | Elapsed Time: 0:00:12 | Steps: 197 | Loss: 79.837191 | Dataset: set/clips/half_dev.csv
Epoch 0 | Validation | Elapsed Time: 0:00:12 | Steps: 200 | Loss: 80.204959 | Dataset: set/clips/half_dev.csv
Epoch 0 | Validation | Elapsed Time: 0:00:12 | Steps: 202 | Loss: 80.589132 | Dataset: set/clips/half_dev.csv
Epoch 0 | Validation | Elapsed Time: 0:00:12 | Steps: 205 | Loss: 80.774420 | Dataset: set/clips/half_dev.csv
Epoch 0 | Validation | Elapsed Time: 0:00:12 | Steps: 208 | Loss: 81.070345 | Dataset: set/clips/half_dev.csv
Epoch 0 | Validation | Elapsed Time: 0:00:12 | Steps: 210 | Loss: 81.445790 | Dataset: set/clips/half_dev.csv
Epoch 0 | Validation | Elapsed Time: 0:00:12 | Steps: 213 | Loss: 81.709288 | Dataset: set/clips/half_dev.csv
Epoch 0 | Validation | Elapsed Time: 0:00:13 | Steps: 216 | Loss: 82.075223 | Dataset: set/clips/half_dev.csv
Epoch 0 | Validation | Elapsed Time: 0:00:13 | Steps: 218 | Loss: 82.453853 | Dataset: set/clips/half_dev.csv
Epoch 0 | Validation | Elapsed Time: 0:00:13 | Steps: 220 | Loss: 82.697094 | Dataset: set/clips/half_dev.csv
Epoch 0 | Validation | Elapsed Time: 0:00:13 | Steps: 222 | Loss: 83.166898 | Dataset: set/clips/half_dev.csv
Epoch 0 | Validation | Elapsed Time: 0:00:13 | Steps: 225 | Loss: 83.493592 | Dataset: set/clips/half_dev.csv
Epoch 0 | Validation | Elapsed Time: 0:00:13 | Steps: 227 | Loss: 83.758078 | Dataset: set/clips/half_dev.csv
Epoch 0 | Validation | Elapsed Time: 0:00:13 | Steps: 229 | Loss: 84.062865 | Dataset: set/clips/half_dev.csv
Epoch 0 | Validation | Elapsed Time: 0:00:13 | Steps: 231 | Loss: 84.290484 | Dataset: set/clips/half_dev.csv
Epoch 0 | Validation | Elapsed Time: 0:00:13 | Steps: 233 | Loss: 84.816218 | Dataset: set/clips/half_dev.csv
Epoch 0 | Validation | Elapsed Time: 0:00:14 | Steps: 235 | Loss: 85.140492 | Dataset: set/clips/half_dev.csv
Epoch 0 | Validation | Elapsed Time: 0:00:14 | Steps: 237 | Loss: 85.475159 | Dataset: set/clips/half_dev.csv
Epoch 0 | Validation | Elapsed Time: 0:00:14 | Steps: 239 | Loss: 85.802552 | Dataset: set/clips/half_dev.csv
Epoch 0 | Validation | Elapsed Time: 0:00:14 | Steps: 242 | Loss: 86.171302 | Dataset: set/clips/half_dev.csv
Epoch 0 | Validation | Elapsed Time: 0:00:14 | Steps: 244 | Loss: 86.720121 | Dataset: set/clips/half_dev.csv
Epoch 0 | Validation | Elapsed Time: 0:00:14 | Steps: 246 | Loss: 87.011746 | Dataset: set/clips/half_dev.csv
Epoch 0 | Validation | Elapsed Time: 0:00:14 | Steps: 248 | Loss: 87.272566 | Dataset: set/clips/half_dev.csv
Epoch 0 | Validation | Elapsed Time: 0:00:14 | Steps: 250 | Loss: 87.644115 | Dataset: set/clips/half_dev.csv
Epoch 0 | Validation | Elapsed Time: 0:00:14 | Steps: 252 | Loss: 88.139708 | Dataset: set/clips/half_dev.csv
Epoch 0 | Validation | Elapsed Time: 0:00:15 | Steps: 254 | Loss: 88.363027 | Dataset: set/clips/half_dev.csv
Epoch 0 | Validation | Elapsed Time: 0:00:15 | Steps: 256 | Loss: 88.725294 | Dataset: set/clips/half_dev.csv
Epoch 0 | Validation | Elapsed Time: 0:00:15 | Steps: 258 | Loss: 88.987884 | Dataset: set/clips/half_dev.csv
Epoch 0 | Validation | Elapsed Time: 0:00:15 | Steps: 260 | Loss: 89.325211 | Dataset: set/clips/half_dev.csv
Epoch 0 | Validation | Elapsed Time: 0:00:15 | Steps: 262 | Loss: 89.502298 | Dataset: set/clips/half_dev.csv
Epoch 0 | Validation | Elapsed Time: 0:00:15 | Steps: 264 | Loss: 89.884778 | Dataset: set/clips/half_dev.csv
Epoch 0 | Validation | Elapsed Time: 0:00:15 | Steps: 266 | Loss: 90.140203 | Dataset: set/clips/half_dev.csv
Epoch 0 | Validation | Elapsed Time: 0:00:15 | Steps: 268 | Loss: 90.539938 | Dataset: set/clips/half_dev.csv
Epoch 0 | Validation | Elapsed Time: 0:00:15 | Steps: 270 | Loss: 90.760929 | Dataset: set/clips/half_dev.csv
Epoch 0 | Validation | Elapsed Time: 0:00:15 | Steps: 272 | Loss: 91.142087 | Dataset: set/clips/half_dev.csv
Epoch 0 | Validation | Elapsed Time: 0:00:16 | Steps: 274 | Loss: 91.360197 | Dataset: set/clips/half_dev.csv
Epoch 0 | Validation | Elapsed Time: 0:00:16 | Steps: 276 | Loss: 91.828600 | Dataset: set/clips/half_dev.csv
Epoch 0 | Validation | Elapsed Time: 0:00:16 | Steps: 278 | Loss: 92.139335 | Dataset: set/clips/half_dev.csv
Epoch 0 | Validation | Elapsed Time: 0:00:16 | Steps: 280 | Loss: 92.279097 | Dataset: set/clips/half_dev.csv
Epoch 0 | Validation | Elapsed Time: 0:00:16 | Steps: 282 | Loss: 92.609531 | Dataset: set/clips/half_dev.csv
Epoch 0 | Validation | Elapsed Time: 0:00:16 | Steps: 284 | Loss: 92.929487 | Dataset: set/clips/half_dev.csv
Epoch 0 | Validation | Elapsed Time: 0:00:16 | Steps: 286 | Loss: 93.392522 | Dataset: set/clips/half_dev.csv
Epoch 0 | Validation | Elapsed Time: 0:00:16 | Steps: 288 | Loss: 93.693873 | Dataset: set/clips/half_dev.csv
Epoch 0 | Validation | Elapsed Time: 0:00:16 | Steps: 290 | Loss: 93.949862 | Dataset: set/clips/half_dev.csv
Epoch 0 | Validation | Elapsed Time: 0:00:17 | Steps: 292 | Loss: 94.447520 | Dataset: set/clips/half_dev.csv
Epoch 0 | Validation | Elapsed Time: 0:00:17 | Steps: 294 | Loss: 94.723961 | Dataset: set/clips/half_dev.csv
Epoch 0 | Validation | Elapsed Time: 0:00:17 | Steps: 296 | Loss: 95.143082 | Dataset: set/clips/half_dev.csv
Epoch 0 | Validation | Elapsed Time: 0:00:17 | Steps: 298 | Loss: 95.437777 | Dataset: set/clips/half_dev.csv
Epoch 0 | Validation | Elapsed Time: 0:00:17 | Steps: 300 | Loss: 95.938860 | Dataset: set/clips/half_dev.csv
Epoch 0 | Validation | Elapsed Time: 0:00:17 | Steps: 302 | Loss: 96.588259 | Dataset: set/clips/half_dev.csv
Epoch 0 | Validation | Elapsed Time: 0:00:17 | Steps: 304 | Loss: 96.886179 | Dataset: set/clips/half_dev.csv
Epoch 0 | Validation | Elapsed Time: 0:00:17 | Steps: 306 | Loss: 97.344431 | Dataset: set/clips/half_dev.csv
Epoch 0 | Validation | Elapsed Time: 0:00:18 | Steps: 308 | Loss: 97.853737 | Dataset: set/clips/half_dev.csv
Epoch 0 | Validation | Elapsed Time: 0:00:18 | Steps: 310 | Loss: 98.261106 | Dataset: set/clips/half_dev.csv
Epoch 0 | Validation | Elapsed Time: 0:00:18 | Steps: 312 | Loss: 98.614179 | Dataset: set/clips/half_dev.csv
Epoch 0 | Validation | Elapsed Time: 0:00:18 | Steps: 314 | Loss: 99.128236 | Dataset: set/clips/half_dev.csv
Epoch 0 | Validation | Elapsed Time: 0:00:18 | Steps: 316 | Loss: 99.608203 | Dataset: set/clips/half_dev.csv
Epoch 0 | Validation | Elapsed Time: 0:00:18 | Steps: 318 | Loss: 99.837931 | Dataset: set/clips/half_dev.csv
Epoch 0 | Validation | Elapsed Time: 0:00:18 | Steps: 320 | Loss: 100.136996 | Dataset: set/clips/half_dev.csv
Epoch 0 | Validation | Elapsed Time: 0:00:18 | Steps: 322 | Loss: 100.754213 | Dataset: set/clips/half_dev.csv
Epoch 0 | Validation | Elapsed Time: 0:00:19 | Steps: 324 | Loss: 101.145902 | Dataset: set/clips/half_dev.csv
Epoch 0 | Validation | Elapsed Time: 0:00:19 | Steps: 326 | Loss: 101.712504 | Dataset: set/clips/half_dev.csv
Epoch 0 | Validation | Elapsed Time: 0:00:19 | Steps: 328 | Loss: 102.251664 | Dataset: set/clips/half_dev.csv
Epoch 0 | Validation | Elapsed Time: 0:00:19 | Steps: 330 | Loss: 102.809670 | Dataset: set/clips/half_dev.csv
Epoch 0 | Validation | Elapsed Time: 0:00:19 | Steps: 332 | Loss: 103.289163 | Dataset: set/clips/half_dev.csv
Epoch 0 | Validation | Elapsed Time: 0:00:19 | Steps: 334 | Loss: 103.767497 | Dataset: set/clips/half_dev.csv
Epoch 0 | Validation | Elapsed Time: 0:00:19 | Steps: 336 | Loss: 104.001878 | Dataset: set/clips/half_dev.csv
Epoch 0 | Validation | Elapsed Time: 0:00:19 | Steps: 338 | Loss: 104.377619 | Dataset: set/clips/half_dev.csv
Epoch 0 | Validation | Elapsed Time: 0:00:20 | Steps: 340 | Loss: 104.860368 | Dataset: set/clips/half_dev.csv
Epoch 0 | Validation | Elapsed Time: 0:00:20 | Steps: 342 | Loss: 105.162537 | Dataset: set/clips/half_dev.csv
Epoch 0 | Validation | Elapsed Time: 0:00:20 | Steps: 344 | Loss: 105.542281 | Dataset: set/clips/half_dev.csv
Epoch 0 | Validation | Elapsed Time: 0:00:20 | Steps: 346 | Loss: 105.984968 | Dataset: set/clips/half_dev.csv
Epoch 0 | Validation | Elapsed Time: 0:00:20 | Steps: 348 | Loss: 106.347165 | Dataset: set/clips/half_dev.csv
Epoch 0 | Validation | Elapsed Time: 0:00:20 | Steps: 350 | Loss: 106.827737 | Dataset: set/clips/half_dev.csv
Epoch 0 | Validation | Elapsed Time: 0:00:20 | Steps: 352 | Loss: 107.245133 | Dataset: set/clips/half_dev.csv
Epoch 0 | Validation | Elapsed Time: 0:00:21 | Steps: 354 | Loss: 107.726501 | Dataset: set/clips/half_dev.csv
Epoch 0 | Validation | Elapsed Time: 0:00:21 | Steps: 356 | Loss: 108.144227 | Dataset: set/clips/half_dev.csv
Epoch 0 | Validation | Elapsed Time: 0:00:21 | Steps: 358 | Loss: 108.532996 | Dataset: set/clips/half_dev.csv
Epoch 0 | Validation | Elapsed Time: 0:00:21 | Steps: 360 | Loss: 108.900715 | Dataset: set/clips/half_dev.csv
Epoch 0 | Validation | Elapsed Time: 0:00:21 | Steps: 362 | Loss: 109.372950 | Dataset: set/clips/half_dev.csv
Epoch 0 | Validation | Elapsed Time: 0:00:21 | Steps: 364 | Loss: 109.772192 | Dataset: set/clips/half_dev.csv
Epoch 0 | Validation | Elapsed Time: 0:00:21 | Steps: 366 | Loss: 110.140014 | Dataset: set/clips/half_dev.csv
Epoch 0 | Validation | Elapsed Time: 0:00:22 | Steps: 368 | Loss: 110.592753 | Dataset: set/clips/half_dev.csv
Epoch 0 | Validation | Elapsed Time: 0:00:22 | Steps: 370 | Loss: 111.143161 | Dataset: set/clips/half_dev.csv
Epoch 0 | Validation | Elapsed Time: 0:00:22 | Steps: 372 | Loss: 111.543583 | Dataset: set/clips/half_dev.csv
Epoch 0 | Validation | Elapsed Time: 0:00:22 | Steps: 374 | Loss: 111.977113 | Dataset: set/clips/half_dev.csv
Epoch 0 | Validation | Elapsed Time: 0:00:22 | Steps: 376 | Loss: 112.652562 | Dataset: set/clips/half_dev.csv
Epoch 0 | Validation | Elapsed Time: 0:00:22 | Steps: 378 | Loss: 113.158457 | Dataset: set/clips/half_dev.csv
Epoch 0 | Validation | Elapsed Time: 0:00:23 | Steps: 380 | Loss: 113.685662 | Dataset: set/clips/half_dev.csv
Epoch 0 | Validation | Elapsed Time: 0:00:23 | Steps: 382 | Loss: 114.077739 | Dataset: set/clips/half_dev.csv
Epoch 0 | Validation | Elapsed Time: 0:00:23 | Steps: 384 | Loss: 114.611793 | Dataset: set/clips/half_dev.csv
Epoch 0 | Validation | Elapsed Time: 0:00:23 | Steps: 386 | Loss: 115.135605 | Dataset: set/clips/half_dev.csv
Epoch 0 | Validation | Elapsed Time: 0:00:23 | Steps: 388 | Loss: 115.517826 | Dataset: set/clips/half_dev.csv
Epoch 0 | Validation | Elapsed Time: 0:00:23 | Steps: 390 | Loss: 116.157362 | Dataset: set/clips/half_dev.csv
Epoch 0 | Validation | Elapsed Time: 0:00:23 | Steps: 392 | Loss: 116.595174 | Dataset: set/clips/half_dev.csv
Epoch 0 | Validation | Elapsed Time: 0:00:24 | Steps: 394 | Loss: 117.161584 | Dataset: set/clips/half_dev.csv
Epoch 0 | Validation | Elapsed Time: 0:00:24 | Steps: 396 | Loss: 117.667499 | Dataset: set/clips/half_dev.csv
Epoch 0 | Validation | Elapsed Time: 0:00:24 | Steps: 398 | Loss: 118.112305 | Dataset: set/clips/half_dev.csv
Epoch 0 | Validation | Elapsed Time: 0:00:24 | Steps: 400 | Loss: 118.677216 | Dataset: set/clips/half_dev.csv
Epoch 0 | Validation | Elapsed Time: 0:00:24 | Steps: 402 | Loss: 119.237243 | Dataset: set/clips/half_dev.csv
Epoch 0 | Validation | Elapsed Time: 0:00:25 | Steps: 404 | Loss: 119.840340 | Dataset: set/clips/half_dev.csv
Epoch 0 | Validation | Elapsed Time: 0:00:25 | Steps: 406 | Loss: 120.392110 | Dataset: set/clips/half_dev.csv
Epoch 0 | Validation | Elapsed Time: 0:00:25 | Steps: 408 | Loss: 120.884910 | Dataset: set/clips/half_dev.csv
Epoch 0 | Validation | Elapsed Time: 0:00:25 | Steps: 410 | Loss: 121.378798 | Dataset: set/clips/half_dev.csv
Epoch 0 | Validation | Elapsed Time: 0:00:25 | Steps: 412 | Loss: 122.181016 | Dataset: set/clips/half_dev.csv
Epoch 0 | Validation | Elapsed Time: 0:00:25 | Steps: 414 | Loss: 122.734890 | Dataset: set/clips/half_dev.csv
Epoch 0 | Validation | Elapsed Time: 0:00:26 | Steps: 416 | Loss: 123.414203 | Dataset: set/clips/half_dev.csv
Epoch 0 | Validation | Elapsed Time: 0:00:26 | Steps: 418 | Loss: 124.056335 | Dataset: set/clips/half_dev.csv
Epoch 0 | Validation | Elapsed Time: 0:00:26 | Steps: 420 | Loss: 124.528983 | Dataset: set/clips/half_dev.csv
Epoch 0 | Validation | Elapsed Time: 0:00:26 | Steps: 422 | Loss: 125.022952 | Dataset: set/clips/half_dev.csv
Epoch 0 | Validation | Elapsed Time: 0:00:26 | Steps: 424 | Loss: 125.746156 | Dataset: set/clips/half_dev.csv
Epoch 0 | Validation | Elapsed Time: 0:00:26 | Steps: 426 | Loss: 126.375569 | Dataset: set/clips/half_dev.csv
Epoch 0 | Validation | Elapsed Time: 0:00:27 | Steps: 427 | Loss: 126.703842 | Dataset: set/clips/half_dev.csv
Epoch 0 | Validation | Elapsed Time: 0:00:27 | Steps: 429 | Loss: 127.370278 | Dataset: set/clips/half_dev.csv
Epoch 0 | Validation | Elapsed Time: 0:00:27 | Steps: 431 | Loss: 127.935298 | Dataset: set/clips/half_dev.csv
Epoch 0 | Validation | Elapsed Time: 0:00:27 | Steps: 433 | Loss: 128.604931 | Dataset: set/clips/half_dev.csv
Epoch 0 | Validation | Elapsed Time: 0:00:27 | Steps: 435 | Loss: 129.326212 | Dataset: set/clips/half_dev.csv
Epoch 0 | Validation | Elapsed Time: 0:00:27 | Steps: 436 | Loss: 129.593784 | Dataset: set/clips/half_dev.csv
Epoch 0 | Validation | Elapsed Time: 0:00:28 | Steps: 437 | Loss: 129.959752 | Dataset: set/clips/half_dev.csv
Epoch 0 | Validation | Elapsed Time: 0:00:28 | Steps: 438 | Loss: 130.369276 | Dataset: set/clips/half_dev.csv
Epoch 0 | Validation | Elapsed Time: 0:00:28 | Steps: 439 | Loss: 130.723237 | Dataset: set/clips/half_dev.csv
Epoch 0 | Validation | Elapsed Time: 0:00:28 | Steps: 440 | Loss: 131.036322 | Dataset: set/clips/half_dev.csv
Epoch 0 | Validation | Elapsed Time: 0:00:28 | Steps: 441 | Loss: 131.532068 | Dataset: set/clips/half_dev.csv
Epoch 0 | Validation | Elapsed Time: 0:00:28 | Steps: 442 | Loss: 131.975343 | Dataset: set/clips/half_dev.csv
Epoch 0 | Validation | Elapsed Time: 0:00:28 | Steps: 443 | Loss: 132.298718 | Dataset: set/clips/half_dev.csv
Epoch 0 | Validation | Elapsed Time: 0:00:28 | Steps: 444 | Loss: 132.668910 | Dataset: set/clips/half_dev.csv
Epoch 0 | Validation | Elapsed Time: 0:00:28 | Steps: 445 | Loss: 133.129527 | Dataset: set/clips/half_dev.csv
Epoch 0 | Validation | Elapsed Time: 0:00:29 | Steps: 446 | Loss: 133.443368 | Dataset: set/clips/half_dev.csv
Epoch 0 | Validation | Elapsed Time: 0:00:29 | Steps: 447 | Loss: 133.810014 | Dataset: set/clips/half_dev.csv
Epoch 0 | Validation | Elapsed Time: 0:00:29 | Steps: 448 | Loss: 134.199668 | Dataset: set/clips/half_dev.csv
Epoch 0 | Validation | Elapsed Time: 0:00:29 | Steps: 449 | Loss: 134.734418 | Dataset: set/clips/half_dev.csv
Epoch 0 | Validation | Elapsed Time: 0:00:29 | Steps: 450 | Loss: 135.180213 | Dataset: set/clips/half_dev.csv
Epoch 0 | Validation | Elapsed Time: 0:00:29 | Steps: 451 | Loss: 135.499493 | Dataset: set/clips/half_dev.csv
Epoch 0 | Validation | Elapsed Time: 0:00:29 | Steps: 452 | Loss: 135.918037 | Dataset: set/clips/half_dev.csv
Epoch 0 | Validation | Elapsed Time: 0:00:29 | Steps: 453 | Loss: 136.252696 | Dataset: set/clips/half_dev.csv
Epoch 0 | Validation | Elapsed Time: 0:00:30 | Steps: 454 | Loss: 136.884176 | Dataset: set/clips/half_dev.csv
Epoch 0 | Validation | Elapsed Time: 0:00:30 | Steps: 455 | Loss: 137.323082 | Dataset: set/clips/half_dev.csv
Epoch 0 | Validation | Elapsed Time: 0:00:30 | Steps: 456 | Loss: 137.790233 | Dataset: set/clips/half_dev.csv
Epoch 0 | Validation | Elapsed Time: 0:00:30 | Steps: 457 | Loss: 138.202557 | Dataset: set/clips/half_dev.csv
Epoch 0 | Validation | Elapsed Time: 0:00:30 | Steps: 458 | Loss: 138.632231 | Dataset: set/clips/half_dev.csv
Epoch 0 | Validation | Elapsed Time: 0:00:30 | Steps: 459 | Loss: 139.142087 | Dataset: set/clips/half_dev.csv
Epoch 0 | Validation | Elapsed Time: 0:00:30 | Steps: 460 | Loss: 139.515795 | Dataset: set/clips/half_dev.csv
Epoch 0 | Validation | Elapsed Time: 0:00:30 | Steps: 461 | Loss: 139.932131 | Dataset: set/clips/half_dev.csv
Epoch 0 | Validation | Elapsed Time: 0:00:31 | Steps: 462 | Loss: 140.429220 | Dataset: set/clips/half_dev.csv
Epoch 0 | Validation | Elapsed Time: 0:00:31 | Steps: 463 | Loss: 141.001117 | Dataset: set/clips/half_dev.csv
Epoch 0 | Validation | Elapsed Time: 0:00:31 | Steps: 464 | Loss: 141.424736 | Dataset: set/clips/half_dev.csv
Epoch 0 | Validation | Elapsed Time: 0:00:31 | Steps: 465 | Loss: 141.938760 | Dataset: set/clips/half_dev.csv
Epoch 0 | Validation | Elapsed Time: 0:00:31 | Steps: 466 | Loss: 142.524582 | Dataset: set/clips/half_dev.csv
Epoch 0 | Validation | Elapsed Time: 0:00:31 | Steps: 467 | Loss: 143.098046 | Dataset: set/clips/half_dev.csv
Epoch 0 | Validation | Elapsed Time: 0:00:31 | Steps: 468 | Loss: 143.940973 | Dataset: set/clips/half_dev.csv
Epoch 0 | Validation | Elapsed Time: 0:00:31 | Steps: 468 | Loss: 143.940973 | Dataset: set/clips/half_dev.csv
I Saved new best validating model with loss 143.940973 to: /root/.local/share/deepspeech/checkpoints/best_dev-5095
--------------------------------------------------------------------------------
I FINISHED optimization in 0:02:56.804111
